New log file opened at Sat Apr 02 00:42:46 COT 2016 by 3284@LuisD
jvm 3284@LuisD
jvm vmName=Java HotSpot(TM) Client VM vmVendor=Oracle Corporation vmVersion=25.51-b03
jvm specName=Java Virtual Machine Specification specVendor=Oracle Corporation specVersion=1.8
jvm arguments: [-Xms256m, -Xmx1024m, -XX:MetaspaceSize=64m, -XX:MaxMetaspaceSize=256m]
Starting event engine
Starting sbt command engine
Waiting for sbt command engine
Command engine arguments=List()
Command engine baseDirectory=C:\Users\PE702QE\ScalaWorkspace\signalj-chat-scala
Command engine initial remaining commands List(--initialize, onFailure load-failed, boot, server-send-ready-for-request, server-handle-next-server-request)
> --initialize
> initialize
> onFailure load-failed
> boot
> reload
[Loading] Scanning directory C:\Users\PE702QE\ScalaWorkspace\signalj-chat-scala\project
[Loading] Found non-root projects 
[Loading] Done in C:\Users\PE702QE\ScalaWorkspace\signalj-chat-scala\project, returning: ()
deducing auto plugins based on known facts Set(Atom(sbt.plugins.CorePlugin)) and clauses Clauses(List(Clause(Atom(sbt.plugins.JvmPlugin),Set(Atom(sbt.plugins.IvyPlugin))), Clause(Atom(sbt.plugins.JUnitXmlReportPlugin),Set(Atom(sbt.plugins.JvmPlugin))), Clause(Atom(sbt.plugins.CorePlugin),Set(Atom(sbt.plugins.IvyPlugin))), Clause(Atom(sbt.plugins.IvyPlugin),Set(Atom(sbt.plugins.JvmPlugin))), Clause(Atom(sbt.plugins.JvmPlugin),Set(Atom(sbt.plugins.JUnitXmlReportPlugin)))))
  :: deduced result: Matched(sbt.plugins.CorePlugin,sbt.plugins.IvyPlugin,sbt.plugins.JvmPlugin,sbt.plugins.JUnitXmlReportPlugin)
sorting: ns: List(sbt.plugins.CorePlugin, sbt.plugins.IvyPlugin, sbt.plugins.JvmPlugin, sbt.plugins.JUnitXmlReportPlugin)
  :: sorting:: found: List(sbt.plugins.CorePlugin) not found List(sbt.plugins.IvyPlugin, sbt.plugins.JvmPlugin, sbt.plugins.JUnitXmlReportPlugin)
  :: sorting:: found: List(sbt.plugins.CorePlugin, sbt.plugins.IvyPlugin) not found List(sbt.plugins.JvmPlugin, sbt.plugins.JUnitXmlReportPlugin)
  :: sorting:: found: List(sbt.plugins.CorePlugin, sbt.plugins.IvyPlugin, sbt.plugins.JvmPlugin) not found List(sbt.plugins.JUnitXmlReportPlugin)
  :: sorting:: found: List(sbt.plugins.CorePlugin, sbt.plugins.IvyPlugin, sbt.plugins.JvmPlugin, sbt.plugins.JUnitXmlReportPlugin) not found List()
  :: sorted deduced result: List(sbt.plugins.CorePlugin, sbt.plugins.IvyPlugin, sbt.plugins.JvmPlugin, sbt.plugins.JUnitXmlReportPlugin)
[Loading] Done in C:\Users\PE702QE\ScalaWorkspace\signalj-chat-scala\project, returning: (signalj-chat-scala-build)
Loading project definition from C:\Users\PE702QE\ScalaWorkspace\signalj-chat-scala\project
Running task... Cancel: sbt.TaskCancellationStrategy$Null$@21b61, check cycles: false

Initial source changes: 
	removed:Set()
	added: Set()
	modified: Set()
Removed products: Set()
External API changes: API Changes: Set()
Modified binary dependencies: Set()
Initial directly invalidated sources: Set()

Sources indirectly invalidated by:
	product: Set()
	binary dep: Set()
	external source: Set()
All initially invalidated sources: Set()

Copy resource mappings: 
	
[Loading] Scanning directory C:\Users\PE702QE\ScalaWorkspace\signalj-chat-scala
[Loading] Found root project root w/ remaining 
deducing auto plugins based on known facts Set(Atom(play.PlayScala), Atom(sbt.plugins.CorePlugin)) and clauses Clauses(List(Clause(Atom(sbt.plugins.JvmPlugin),Set(Atom(sbt.plugins.IvyPlugin))), Clause(Atom(sbt.plugins.JUnitXmlReportPlugin),Set(Atom(sbt.plugins.JvmPlugin))), Clause(Atom(play.sbt.forkrun.PlayForkRun),Set(Atom(sbt.plugins.BackgroundRunPlugin))), Clause(Atom(play.sbt.forkrun.PlayForkRun),Set(Atom(play.Play))), Clause(Atom(play.sbt.forkrun.PlayForkRun),Set(Atom(sbt.plugins.SerializersPlugin))), Clause(Atom(play.Play),Set(Atom(com.typesafe.sbt.webdriver.SbtWebDriver))), Clause(Atom(play.Play),Set(Atom(play.twirl.sbt.SbtTwirl))), Clause(Atom(play.Play),Set(Atom(com.typesafe.sbt.jse.SbtJsTask))), Clause(Atom(play.PlayJava),Set(Atom(play.Play))), Clause(Atom(play.PlayScala),Set(Atom(play.Play))), Clause(Atom(play.twirl.sbt.SbtTwirl),Set(Atom(sbt.plugins.JvmPlugin))), Clause(Atom(com.typesafe.sbt.jse.SbtJsEngine),Set(Atom(com.typesafe.sbt.web.SbtWeb))), Clause(Atom(com.typesafe.sbt.jse.SbtJsTask),Set(Atom(com.typesafe.sbt.jse.SbtJsEngine))), Clause(Atom(com.typesafe.sbt.web.SbtWeb),Set(Atom(sbt.plugins.JvmPlugin))), Clause(Atom(com.typesafe.sbt.webdriver.SbtWebDriver),Set(Atom(com.typesafe.sbt.web.SbtWeb))), Clause(Atom(sbt.plugins.BackgroundRunPlugin),Set(Atom(sbt.plugins.JvmPlugin))), Clause(Atom(com.typesafe.sbt.coffeescript.SbtCoffeeScript),Set(Atom(com.typesafe.sbt.jse.SbtJsTask))), Clause(Atom(com.typesafe.sbt.less.SbtLess),Set(Atom(com.typesafe.sbt.jse.SbtJsTask))), Clause(Atom(com.typesafe.sbt.jshint.SbtJSHint),Set(Atom(com.typesafe.sbt.jse.SbtJsTask))), Clause(Atom(com.typesafe.sbt.rjs.SbtRjs),Set(Atom(com.typesafe.sbt.jse.SbtJsTask))), Clause(Atom(com.typesafe.sbt.digest.SbtDigest),Set(Atom(com.typesafe.sbt.web.SbtWeb))), Clause(Atom(com.typesafe.sbt.mocha.SbtMocha),Set(Atom(com.typesafe.sbt.jse.SbtJsTask))), Clause(Atom(sbt.plugins.CorePlugin),Set(Atom(sbt.plugins.IvyPlugin))), Clause(Atom(sbt.plugins.IvyPlugin),Set(Atom(sbt.plugins.JvmPlugin))), Clause(Atom(sbt.plugins.JvmPlugin),Set(Atom(sbt.plugins.JUnitXmlReportPlugin))), Clause(And(Set(Atom(sbt.plugins.BackgroundRunPlugin), Atom(play.Play), Atom(sbt.plugins.SerializersPlugin))),Set(Atom(play.sbt.forkrun.PlayForkRun))), Clause(Atom(com.typesafe.sbt.web.SbtWeb),Set(Atom(com.typesafe.sbt.jse.SbtJsEngine))), Clause(Atom(com.typesafe.sbt.jse.SbtJsEngine),Set(Atom(com.typesafe.sbt.jse.SbtJsTask))), Clause(Atom(com.typesafe.sbt.web.SbtWeb),Set(Atom(com.typesafe.sbt.webdriver.SbtWebDriver))), Clause(Atom(sbt.plugins.JvmPlugin),Set(Atom(sbt.plugins.BackgroundRunPlugin))), Clause(Atom(sbt.plugins.CorePlugin),Set(Atom(sbt.plugins.InteractionServicePlugin))), Clause(Atom(sbt.plugins.CorePlugin),Set(Atom(sbt.plugins.SendEventServicePlugin))), Clause(Atom(sbt.plugins.CorePlugin),Set(Atom(sbt.plugins.SerializersPlugin))), Clause(Atom(com.typesafe.sbt.jse.SbtJsTask),Set(Atom(com.typesafe.sbt.coffeescript.SbtCoffeeScript))), Clause(Atom(com.typesafe.sbt.jse.SbtJsTask),Set(Atom(com.typesafe.sbt.less.SbtLess))), Clause(Atom(com.typesafe.sbt.jse.SbtJsTask),Set(Atom(com.typesafe.sbt.jshint.SbtJSHint))), Clause(Atom(com.typesafe.sbt.jse.SbtJsTask),Set(Atom(com.typesafe.sbt.rjs.SbtRjs))), Clause(Atom(com.typesafe.sbt.web.SbtWeb),Set(Atom(com.typesafe.sbt.digest.SbtDigest))), Clause(Atom(com.typesafe.sbt.jse.SbtJsTask),Set(Atom(com.typesafe.sbt.mocha.SbtMocha)))))
  :: deduced result: Matched(sbt.plugins.CorePlugin,play.PlayScala,sbt.plugins.InteractionServicePlugin,sbt.plugins.SendEventServicePlugin,play.Play,sbt.plugins.SerializersPlugin,sbt.plugins.IvyPlugin,sbt.plugins.JvmPlugin,com.typesafe.sbt.jse.SbtJsTask,play.twirl.sbt.SbtTwirl,com.typesafe.sbt.webdriver.SbtWebDriver,com.typesafe.sbt.jshint.SbtJSHint,sbt.plugins.JUnitXmlReportPlugin,com.typesafe.sbt.mocha.SbtMocha,com.typesafe.sbt.less.SbtLess,com.typesafe.sbt.web.SbtWeb,com.typesafe.sbt.rjs.SbtRjs,com.typesafe.sbt.jse.SbtJsEngine,com.typesafe.sbt.coffeescript.SbtCoffeeScript,sbt.plugins.BackgroundRunPlugin,com.typesafe.sbt.digest.SbtDigest,play.sbt.forkrun.PlayForkRun)
sorting: ns: List(sbt.plugins.CorePlugin, play.PlayScala, sbt.plugins.InteractionServicePlugin, sbt.plugins.SendEventServicePlugin, play.Play, sbt.plugins.SerializersPlugin, sbt.plugins.IvyPlugin, sbt.plugins.JvmPlugin, com.typesafe.sbt.jse.SbtJsTask, play.twirl.sbt.SbtTwirl, com.typesafe.sbt.webdriver.SbtWebDriver, com.typesafe.sbt.jshint.SbtJSHint, sbt.plugins.JUnitXmlReportPlugin, com.typesafe.sbt.mocha.SbtMocha, com.typesafe.sbt.less.SbtLess, com.typesafe.sbt.web.SbtWeb, com.typesafe.sbt.rjs.SbtRjs, com.typesafe.sbt.jse.SbtJsEngine, com.typesafe.sbt.coffeescript.SbtCoffeeScript, sbt.plugins.BackgroundRunPlugin, com.typesafe.sbt.digest.SbtDigest, play.sbt.forkrun.PlayForkRun)
  :: sorting:: found: List(sbt.plugins.CorePlugin) not found List(play.PlayScala, sbt.plugins.InteractionServicePlugin, sbt.plugins.SendEventServicePlugin, play.Play, sbt.plugins.SerializersPlugin, sbt.plugins.IvyPlugin, sbt.plugins.JvmPlugin, com.typesafe.sbt.jse.SbtJsTask, play.twirl.sbt.SbtTwirl, com.typesafe.sbt.webdriver.SbtWebDriver, com.typesafe.sbt.jshint.SbtJSHint, sbt.plugins.JUnitXmlReportPlugin, com.typesafe.sbt.mocha.SbtMocha, com.typesafe.sbt.less.SbtLess, com.typesafe.sbt.web.SbtWeb, com.typesafe.sbt.rjs.SbtRjs, com.typesafe.sbt.jse.SbtJsEngine, com.typesafe.sbt.coffeescript.SbtCoffeeScript, sbt.plugins.BackgroundRunPlugin, com.typesafe.sbt.digest.SbtDigest, play.sbt.forkrun.PlayForkRun)
  :: sorting:: found: List(sbt.plugins.CorePlugin, sbt.plugins.InteractionServicePlugin, sbt.plugins.SendEventServicePlugin, sbt.plugins.SerializersPlugin, sbt.plugins.IvyPlugin) not found List(play.PlayScala, play.Play, sbt.plugins.JvmPlugin, com.typesafe.sbt.jse.SbtJsTask, play.twirl.sbt.SbtTwirl, com.typesafe.sbt.webdriver.SbtWebDriver, com.typesafe.sbt.jshint.SbtJSHint, sbt.plugins.JUnitXmlReportPlugin, com.typesafe.sbt.mocha.SbtMocha, com.typesafe.sbt.less.SbtLess, com.typesafe.sbt.web.SbtWeb, com.typesafe.sbt.rjs.SbtRjs, com.typesafe.sbt.jse.SbtJsEngine, com.typesafe.sbt.coffeescript.SbtCoffeeScript, sbt.plugins.BackgroundRunPlugin, com.typesafe.sbt.digest.SbtDigest, play.sbt.forkrun.PlayForkRun)
  :: sorting:: found: List(sbt.plugins.CorePlugin, sbt.plugins.InteractionServicePlugin, sbt.plugins.SendEventServicePlugin, sbt.plugins.SerializersPlugin, sbt.plugins.IvyPlugin, sbt.plugins.JvmPlugin) not found List(play.PlayScala, play.Play, com.typesafe.sbt.jse.SbtJsTask, play.twirl.sbt.SbtTwirl, com.typesafe.sbt.webdriver.SbtWebDriver, com.typesafe.sbt.jshint.SbtJSHint, sbt.plugins.JUnitXmlReportPlugin, com.typesafe.sbt.mocha.SbtMocha, com.typesafe.sbt.less.SbtLess, com.typesafe.sbt.web.SbtWeb, com.typesafe.sbt.rjs.SbtRjs, com.typesafe.sbt.jse.SbtJsEngine, com.typesafe.sbt.coffeescript.SbtCoffeeScript, sbt.plugins.BackgroundRunPlugin, com.typesafe.sbt.digest.SbtDigest, play.sbt.forkrun.PlayForkRun)
  :: sorting:: found: List(sbt.plugins.CorePlugin, sbt.plugins.InteractionServicePlugin, sbt.plugins.SendEventServicePlugin, sbt.plugins.SerializersPlugin, sbt.plugins.IvyPlugin, sbt.plugins.JvmPlugin, play.twirl.sbt.SbtTwirl, sbt.plugins.JUnitXmlReportPlugin, com.typesafe.sbt.web.SbtWeb, sbt.plugins.BackgroundRunPlugin) not found List(play.PlayScala, play.Play, com.typesafe.sbt.jse.SbtJsTask, com.typesafe.sbt.webdriver.SbtWebDriver, com.typesafe.sbt.jshint.SbtJSHint, com.typesafe.sbt.mocha.SbtMocha, com.typesafe.sbt.less.SbtLess, com.typesafe.sbt.rjs.SbtRjs, com.typesafe.sbt.jse.SbtJsEngine, com.typesafe.sbt.coffeescript.SbtCoffeeScript, com.typesafe.sbt.digest.SbtDigest, play.sbt.forkrun.PlayForkRun)
  :: sorting:: found: List(sbt.plugins.CorePlugin, sbt.plugins.InteractionServicePlugin, sbt.plugins.SendEventServicePlugin, sbt.plugins.SerializersPlugin, sbt.plugins.IvyPlugin, sbt.plugins.JvmPlugin, play.twirl.sbt.SbtTwirl, sbt.plugins.JUnitXmlReportPlugin, com.typesafe.sbt.web.SbtWeb, sbt.plugins.BackgroundRunPlugin, com.typesafe.sbt.webdriver.SbtWebDriver, com.typesafe.sbt.jse.SbtJsEngine, com.typesafe.sbt.digest.SbtDigest) not found List(play.PlayScala, play.Play, com.typesafe.sbt.jse.SbtJsTask, com.typesafe.sbt.jshint.SbtJSHint, com.typesafe.sbt.mocha.SbtMocha, com.typesafe.sbt.less.SbtLess, com.typesafe.sbt.rjs.SbtRjs, com.typesafe.sbt.coffeescript.SbtCoffeeScript, play.sbt.forkrun.PlayForkRun)
  :: sorting:: found: List(sbt.plugins.CorePlugin, sbt.plugins.InteractionServicePlugin, sbt.plugins.SendEventServicePlugin, sbt.plugins.SerializersPlugin, sbt.plugins.IvyPlugin, sbt.plugins.JvmPlugin, play.twirl.sbt.SbtTwirl, sbt.plugins.JUnitXmlReportPlugin, com.typesafe.sbt.web.SbtWeb, sbt.plugins.BackgroundRunPlugin, com.typesafe.sbt.webdriver.SbtWebDriver, com.typesafe.sbt.jse.SbtJsEngine, com.typesafe.sbt.digest.SbtDigest, com.typesafe.sbt.jse.SbtJsTask) not found List(play.PlayScala, play.Play, com.typesafe.sbt.jshint.SbtJSHint, com.typesafe.sbt.mocha.SbtMocha, com.typesafe.sbt.less.SbtLess, com.typesafe.sbt.rjs.SbtRjs, com.typesafe.sbt.coffeescript.SbtCoffeeScript, play.sbt.forkrun.PlayForkRun)
  :: sorting:: found: List(sbt.plugins.CorePlugin, sbt.plugins.InteractionServicePlugin, sbt.plugins.SendEventServicePlugin, sbt.plugins.SerializersPlugin, sbt.plugins.IvyPlugin, sbt.plugins.JvmPlugin, play.twirl.sbt.SbtTwirl, sbt.plugins.JUnitXmlReportPlugin, com.typesafe.sbt.web.SbtWeb, sbt.plugins.BackgroundRunPlugin, com.typesafe.sbt.webdriver.SbtWebDriver, com.typesafe.sbt.jse.SbtJsEngine, com.typesafe.sbt.digest.SbtDigest, com.typesafe.sbt.jse.SbtJsTask, play.Play, com.typesafe.sbt.jshint.SbtJSHint, com.typesafe.sbt.mocha.SbtMocha, com.typesafe.sbt.less.SbtLess, com.typesafe.sbt.rjs.SbtRjs, com.typesafe.sbt.coffeescript.SbtCoffeeScript) not found List(play.PlayScala, play.sbt.forkrun.PlayForkRun)
  :: sorting:: found: List(sbt.plugins.CorePlugin, sbt.plugins.InteractionServicePlugin, sbt.plugins.SendEventServicePlugin, sbt.plugins.SerializersPlugin, sbt.plugins.IvyPlugin, sbt.plugins.JvmPlugin, play.twirl.sbt.SbtTwirl, sbt.plugins.JUnitXmlReportPlugin, com.typesafe.sbt.web.SbtWeb, sbt.plugins.BackgroundRunPlugin, com.typesafe.sbt.webdriver.SbtWebDriver, com.typesafe.sbt.jse.SbtJsEngine, com.typesafe.sbt.digest.SbtDigest, com.typesafe.sbt.jse.SbtJsTask, play.Play, com.typesafe.sbt.jshint.SbtJSHint, com.typesafe.sbt.mocha.SbtMocha, com.typesafe.sbt.less.SbtLess, com.typesafe.sbt.rjs.SbtRjs, com.typesafe.sbt.coffeescript.SbtCoffeeScript, play.PlayScala, play.sbt.forkrun.PlayForkRun) not found List()
  :: sorted deduced result: List(sbt.plugins.CorePlugin, sbt.plugins.InteractionServicePlugin, sbt.plugins.SendEventServicePlugin, sbt.plugins.SerializersPlugin, sbt.plugins.IvyPlugin, sbt.plugins.JvmPlugin, play.twirl.sbt.SbtTwirl, sbt.plugins.JUnitXmlReportPlugin, com.typesafe.sbt.web.SbtWeb, sbt.plugins.BackgroundRunPlugin, com.typesafe.sbt.webdriver.SbtWebDriver, com.typesafe.sbt.jse.SbtJsEngine, com.typesafe.sbt.digest.SbtDigest, com.typesafe.sbt.jse.SbtJsTask, play.Play, com.typesafe.sbt.jshint.SbtJSHint, com.typesafe.sbt.mocha.SbtMocha, com.typesafe.sbt.less.SbtLess, com.typesafe.sbt.rjs.SbtRjs, com.typesafe.sbt.coffeescript.SbtCoffeeScript, play.PlayScala, play.sbt.forkrun.PlayForkRun)
[Loading] Done in C:\Users\PE702QE\ScalaWorkspace\signalj-chat-scala, returning: (root)
Set current project to signalj-chat-scala (in build file:/C:/Users/PE702QE/ScalaWorkspace/signalj-chat-scala/)
Reapplying settings...
Set current project to signalj-chat-scala (in build file:/C:/Users/PE702QE/ScalaWorkspace/signalj-chat-scala/)
> iflast shell
> server-send-ready-for-request
> server-handle-next-server-request
> compile
Evaluating tasks: compile:compile
Running task... Cancel: sbt.server.ServerTaskCancellation@abfd14, check cycles: false

Initial source changes: 
	removed:Set()
	added: Set(C:\Users\PE702QE\ScalaWorkspace\signalj-chat-scala\app\hubs\ChatPage.scala, C:\Users\PE702QE\ScalaWorkspace\signalj-chat-scala\target\scala-2.11\src_managed\main\routes_reverseRouting.scala, C:\Users\PE702QE\ScalaWorkspace\signalj-chat-scala\target\scala-2.11\src_managed\main\controllers\routes.java, C:\Users\PE702QE\ScalaWorkspace\signalj-chat-scala\app\Global.scala, C:\Users\PE702QE\ScalaWorkspace\signalj-chat-scala\app\actors\Robot.scala, C:\Users\PE702QE\ScalaWorkspace\signalj-chat-scala\target\scala-2.11\twirl\main\views\html\main.template.scala, C:\Users\PE702QE\ScalaWorkspace\signalj-chat-scala\app\controllers\Application.scala, C:\Users\PE702QE\ScalaWorkspace\signalj-chat-scala\target\scala-2.11\src_managed\main\routes_routing.scala, C:\Users\PE702QE\ScalaWorkspace\signalj-chat-scala\target\scala-2.11\twirl\main\views\html\index.template.scala, C:\Users\PE702QE\ScalaWorkspace\signalj-chat-scala\app\hubs\ChatHub.scala)
	modified: Set()
Removed products: Set()
External API changes: API Changes: Set()
Modified binary dependencies: Set()
Initial directly invalidated sources: Set(C:\Users\PE702QE\ScalaWorkspace\signalj-chat-scala\app\hubs\ChatPage.scala, C:\Users\PE702QE\ScalaWorkspace\signalj-chat-scala\target\scala-2.11\src_managed\main\routes_reverseRouting.scala, C:\Users\PE702QE\ScalaWorkspace\signalj-chat-scala\target\scala-2.11\src_managed\main\controllers\routes.java, C:\Users\PE702QE\ScalaWorkspace\signalj-chat-scala\app\Global.scala, C:\Users\PE702QE\ScalaWorkspace\signalj-chat-scala\app\actors\Robot.scala, C:\Users\PE702QE\ScalaWorkspace\signalj-chat-scala\target\scala-2.11\twirl\main\views\html\main.template.scala, C:\Users\PE702QE\ScalaWorkspace\signalj-chat-scala\app\controllers\Application.scala, C:\Users\PE702QE\ScalaWorkspace\signalj-chat-scala\target\scala-2.11\src_managed\main\routes_routing.scala, C:\Users\PE702QE\ScalaWorkspace\signalj-chat-scala\target\scala-2.11\twirl\main\views\html\index.template.scala, C:\Users\PE702QE\ScalaWorkspace\signalj-chat-scala\app\hubs\ChatHub.scala)

Sources indirectly invalidated by:
	product: Set()
	binary dep: Set()
	external source: Set()
All initially invalidated sources: Set(C:\Users\PE702QE\ScalaWorkspace\signalj-chat-scala\app\hubs\ChatPage.scala, C:\Users\PE702QE\ScalaWorkspace\signalj-chat-scala\target\scala-2.11\src_managed\main\routes_reverseRouting.scala, C:\Users\PE702QE\ScalaWorkspace\signalj-chat-scala\target\scala-2.11\src_managed\main\controllers\routes.java, C:\Users\PE702QE\ScalaWorkspace\signalj-chat-scala\app\Global.scala, C:\Users\PE702QE\ScalaWorkspace\signalj-chat-scala\app\actors\Robot.scala, C:\Users\PE702QE\ScalaWorkspace\signalj-chat-scala\target\scala-2.11\twirl\main\views\html\main.template.scala, C:\Users\PE702QE\ScalaWorkspace\signalj-chat-scala\app\controllers\Application.scala, C:\Users\PE702QE\ScalaWorkspace\signalj-chat-scala\target\scala-2.11\src_managed\main\routes_routing.scala, C:\Users\PE702QE\ScalaWorkspace\signalj-chat-scala\target\scala-2.11\twirl\main\views\html\index.template.scala, C:\Users\PE702QE\ScalaWorkspace\signalj-chat-scala\app\hubs\ChatHub.scala)

Recompiling all 10 sources: invalidated sources (10) exceeded 50.0% of all sources
Read from stdout: Compiling 9 Scala sources and 1 Java source to C:\Users\PE702QE\ScalaWorkspace\signalj-chat-scala\target\scala-2.11\classes...
Compiling 9 Scala sources and 1 Java source to C:\Users\PE702QE\ScalaWorkspace\signalj-chat-scala\target\scala-2.11\classes...
Getting compiler-interface from component compiler for Scala 2.11.1
Other repositories:
Default repositories:
Getting compiler-interface from component compiler for Scala 2.11.1
Other repositories:
Default repositories:
Running cached compiler 111bf2e, interfacing (CompilerInterface) with Scala compiler version 2.11.1
Calling Scala compiler with arguments  (CompilerInterface):
	-deprecation
	-unchecked
	-encoding
	utf8
	-bootclasspath
	C:\Program Files (x86)\Java\jre1.8.0_51\lib\resources.jar;C:\Program Files (x86)\Java\jre1.8.0_51\lib\rt.jar;C:\Program Files (x86)\Java\jre1.8.0_51\lib\sunrsasign.jar;C:\Program Files (x86)\Java\jre1.8.0_51\lib\jsse.jar;C:\Program Files (x86)\Java\jre1.8.0_51\lib\jce.jar;C:\Program Files (x86)\Java\jre1.8.0_51\lib\charsets.jar;C:\Program Files (x86)\Java\jre1.8.0_51\lib\jfr.jar;C:\Program Files (x86)\Java\jre1.8.0_51\classes;C:\Users\PE702QE\.ivy2\cache\org.scala-lang\scala-library\jars\scala-library-2.11.1.jar
	-classpath
	C:\Users\PE702QE\ScalaWorkspace\signalj-chat-scala\target\scala-2.11\classes;C:\Users\PE702QE\.ivy2\cache\com.typesafe.play\twirl-api_2.11\jars\twirl-api_2.11-1.0.2.jar;C:\Users\PE702QE\.ivy2\cache\org.apache.commons\commons-lang3\jars\commons-lang3-3.1.jar;C:\Users\PE702QE\.ivy2\cache\org.scala-lang.modules\scala-xml_2.11\bundles\scala-xml_2.11-1.0.1.jar;C:\Users\PE702QE\.ivy2\cache\com.typesafe.play\play_2.11\jars\play_2.11-2.3.10.jar;C:\Users\PE702QE\.ivy2\cache\com.typesafe.play\build-link\jars\build-link-2.3.10.jar;C:\Users\PE702QE\.ivy2\cache\com.typesafe.play\play-exceptions\jars\play-exceptions-2.3.10.jar;C:\Users\PE702QE\.ivy2\cache\org.javassist\javassist\bundles\javassist-3.18.2-GA.jar;C:\Users\PE702QE\.ivy2\cache\com.typesafe.play\play-iteratees_2.11\jars\play-iteratees_2.11-2.3.10.jar;C:\Users\PE702QE\.ivy2\cache\org.scala-stm\scala-stm_2.11\jars\scala-stm_2.11-0.7.jar;C:\Users\PE702QE\.ivy2\cache\com.typesafe\config\bundles\config-1.2.1.jar;C:\Users\PE702QE\.ivy2\cache\com.typesafe.play\play-json_2.11\jars\play-json_2.11-2.3.10.jar;C:\Users\PE702QE\.ivy2\cache\com.typesafe.play\play-functional_2.11\jars\play-functional_2.11-2.3.10.jar;C:\Users\PE702QE\.ivy2\cache\com.typesafe.play\play-datacommons_2.11\jars\play-datacommons_2.11-2.3.10.jar;C:\Users\PE702QE\.ivy2\cache\joda-time\joda-time\jars\joda-time-2.3.jar;C:\Users\PE702QE\.ivy2\cache\org.joda\joda-convert\jars\joda-convert-1.6.jar;C:\Users\PE702QE\.ivy2\cache\org.scala-lang\scala-reflect\jars\scala-reflect-2.11.1.jar;C:\Users\PE702QE\.ivy2\cache\org.scala-lang.modules\scala-parser-combinators_2.11\bundles\scala-parser-combinators_2.11-1.0.1.jar;C:\Users\PE702QE\.ivy2\cache\io.netty\netty\bundles\netty-3.9.9.Final.jar;C:\Users\PE702QE\.ivy2\cache\com.typesafe.netty\netty-http-pipelining\jars\netty-http-pipelining-1.1.2.jar;C:\Users\PE702QE\.ivy2\cache\org.slf4j\jul-to-slf4j\jars\jul-to-slf4j-1.7.6.jar;C:\Users\PE702QE\.ivy2\cache\org.slf4j\jcl-over-slf4j\jars\jcl-over-slf4j-1.7.6.jar;C:\Users\PE702QE\.ivy2\cache\ch.qos.logback\logback-core\jars\logback-core-1.1.1.jar;C:\Users\PE702QE\.ivy2\cache\ch.qos.logback\logback-classic\jars\logback-classic-1.1.1.jar;C:\Users\PE702QE\.ivy2\cache\com.typesafe.akka\akka-actor_2.11\jars\akka-actor_2.11-2.3.4.jar;C:\Users\PE702QE\.ivy2\cache\com.typesafe.akka\akka-slf4j_2.11\jars\akka-slf4j_2.11-2.3.4.jar;C:\Users\PE702QE\.ivy2\cache\commons-codec\commons-codec\jars\commons-codec-1.9.jar;C:\Users\PE702QE\.ivy2\cache\xerces\xercesImpl\jars\xercesImpl-2.11.0.jar;C:\Users\PE702QE\.ivy2\cache\xml-apis\xml-apis\jars\xml-apis-1.4.01.jar;C:\Users\PE702QE\.ivy2\cache\javax.transaction\jta\jars\jta-1.1.jar;C:\Users\PE702QE\.ivy2\cache\com.typesafe.play\play-jdbc_2.11\jars\play-jdbc_2.11-2.3.10.jar;C:\Users\PE702QE\.ivy2\cache\com.jolbox\bonecp\bundles\bonecp-0.8.0.RELEASE.jar;C:\Users\PE702QE\.ivy2\cache\com.h2database\h2\jars\h2-1.3.175.jar;C:\Users\PE702QE\.ivy2\cache\tyrex\tyrex\jars\tyrex-1.0.1.jar;C:\Users\PE702QE\.ivy2\cache\com.typesafe.play\anorm_2.11\jars\anorm_2.11-2.3.10.jar;C:\Users\PE702QE\.ivy2\cache\com.jsuereth\scala-arm_2.11\jars\scala-arm_2.11-1.4.jar;C:\Users\PE702QE\.ivy2\cache\org.scala-lang.plugins\scala-continuations-library_2.11\bundles\scala-continuations-library_2.11-1.0.1.jar;C:\Users\PE702QE\.ivy2\cache\com.typesafe.play\play-cache_2.11\jars\play-cache_2.11-2.3.10.jar;C:\Users\PE702QE\.ivy2\cache\net.sf.ehcache\ehcache-core\jars\ehcache-core-2.6.8.jar;C:\Users\PE702QE\.ivy2\cache\com.typesafe.play\play-ws_2.11\jars\play-ws_2.11-2.3.10.jar;C:\Users\PE702QE\.ivy2\cache\com.google.guava\guava\bundles\guava-16.0.1.jar;C:\Users\PE702QE\.ivy2\cache\com.ning\async-http-client\jars\async-http-client-1.8.15.jar;C:\Users\PE702QE\.ivy2\cache\oauth.signpost\signpost-core\jars\signpost-core-1.2.1.2.jar;C:\Users\PE702QE\.ivy2\cache\oauth.signpost\signpost-commonshttp4\jars\signpost-commonshttp4-1.2.1.2.jar;C:\Users\PE702QE\.ivy2\cache\org.apache.httpcomponents\httpcore\jars\httpcore-4.0.1.jar;C:\Users\PE702QE\.ivy2\cache\org.apache.httpcomponents\httpclient\jars\httpclient-4.0.1.jar;C:\Users\PE702QE\.ivy2\cache\commons-logging\commons-logging\jars\commons-logging-1.1.1.jar;C:\Users\PE702QE\.ivy2\cache\signalJ\signalj_2.11\jars\signalj_2.11-0.5.1-SNAPSHOT.jar;C:\Users\PE702QE\.ivy2\cache\com.typesafe.play\play-java_2.11\jars\play-java_2.11-2.3.6.jar;C:\Users\PE702QE\.ivy2\cache\org.yaml\snakeyaml\bundles\snakeyaml-1.13.jar;C:\Users\PE702QE\.ivy2\cache\org.hibernate\hibernate-validator\jars\hibernate-validator-5.0.3.Final.jar;C:\Users\PE702QE\.ivy2\cache\javax.validation\validation-api\jars\validation-api-1.1.0.Final.jar;C:\Users\PE702QE\.ivy2\cache\org.jboss.logging\jboss-logging\jars\jboss-logging-3.1.1.GA.jar;C:\Users\PE702QE\.ivy2\cache\com.fasterxml\classmate\bundles\classmate-1.0.0.jar;C:\Users\PE702QE\.ivy2\cache\org.springframework\spring-context\jars\spring-context-4.0.3.RELEASE.jar;C:\Users\PE702QE\.ivy2\cache\org.springframework\spring-core\jars\spring-core-4.0.3.RELEASE.jar;C:\Users\PE702QE\.ivy2\cache\org.springframework\spring-beans\jars\spring-beans-4.0.3.RELEASE.jar;C:\Users\PE702QE\.ivy2\cache\org.reflections\reflections\jars\reflections-0.9.9-RC1.jar;C:\Users\PE702QE\.ivy2\cache\dom4j\dom4j\jars\dom4j-1.6.1.jar;C:\Users\PE702QE\.ivy2\cache\com.google.code.findbugs\jsr305\jars\jsr305-2.0.3.jar;C:\Users\PE702QE\.ivy2\cache\org.apache.tomcat\tomcat-servlet-api\jars\tomcat-servlet-api-8.0.5.jar;C:\Users\PE702QE\.ivy2\cache\com.fasterxml.jackson.core\jackson-annotations\bundles\jackson-annotations-2.4.3.jar;C:\Users\PE702QE\.ivy2\cache\org.webjars\webjars-play_2.11\jars\webjars-play_2.11-2.3.0-2.jar;C:\Users\PE702QE\.ivy2\cache\org.webjars\requirejs\jars\requirejs-2.1.10.jar;C:\Users\PE702QE\.ivy2\cache\org.webjars\webjars-locator\jars\webjars-locator-0.19.jar;C:\Users\PE702QE\.ivy2\cache\org.slf4j\slf4j-api\jars\slf4j-api-1.7.7.jar;C:\Users\PE702QE\.ivy2\cache\com.fasterxml.jackson.core\jackson-databind\bundles\jackson-databind-2.3.3.jar;C:\Users\PE702QE\.ivy2\cache\com.fasterxml.jackson.core\jackson-core\bundles\jackson-core-2.3.3.jar;C:\Users\PE702QE\.ivy2\cache\org.webjars\bootstrap\jars\bootstrap-3.3.1.jar;C:\Users\PE702QE\.ivy2\cache\org.webjars\jquery\jars\jquery-2.1.1.jar
Read from stdout: there were 3 feature warning(s); re-run with -feature for details
there were 3 feature warning(s); re-run with -feature for details
Read from stdout: one warning found
one warning found
Scala compilation took 4.516278963 s
Java compilation took 0.955998876 s
Java analysis took 0.049155458 s
Java compile + analysis took 1.01596 s
Invalidating C:\Users\PE702QE\ScalaWorkspace\signalj-chat-scala\app\hubs\ChatHub.scala...
Invalidating (transitively) by inheritance from C:\Users\PE702QE\ScalaWorkspace\signalj-chat-scala\app\hubs\ChatHub.scala...
Initial set of included nodes: Set(C:\Users\PE702QE\ScalaWorkspace\signalj-chat-scala\app\hubs\ChatHub.scala)
Invalidated by transitive inheritance dependency: Set(C:\Users\PE702QE\ScalaWorkspace\signalj-chat-scala\app\hubs\ChatHub.scala)
The C:\Users\PE702QE\ScalaWorkspace\signalj-chat-scala\app\hubs\ChatHub.scala source file has the following regular definitions changed:
	notify, setSignalJActor, setCallerState, connectionsToUsernames, wait, $asInstanceOf, sendMessage, createRoom, getRoomList, equals, clients, asInstanceOf, context, users, addUserToRoom, synchronized, onReconnected, $isInstanceOf, groups, notifyAll, setHubClassName, isInstanceOf, containsValue, <init>, ==, clone, ChatHub, joinRoom, removeUserFromRoom, onDisconnected, robot, toString, !=, onConnected, getClass, getCallerState, login, getUserList, getInterface, ne, eq, ##, finalize, hashCode, setContext.
All member reference dependencies will be considered within this context.
The following modified names cause invalidation of C:\Users\PE702QE\ScalaWorkspace\signalj-chat-scala\app\actors\Robot.scala: Set(sendMessage, clients, asInstanceOf, <init>, ChatHub)
Invalidating C:\Users\PE702QE\ScalaWorkspace\signalj-chat-scala\target\scala-2.11\src_managed\main\routes_reverseRouting.scala...
Invalidating (transitively) by inheritance from C:\Users\PE702QE\ScalaWorkspace\signalj-chat-scala\target\scala-2.11\src_managed\main\routes_reverseRouting.scala...
Initial set of included nodes: Set(C:\Users\PE702QE\ScalaWorkspace\signalj-chat-scala\target\scala-2.11\src_managed\main\routes_reverseRouting.scala)
Invalidated by transitive inheritance dependency: Set(C:\Users\PE702QE\ScalaWorkspace\signalj-chat-scala\target\scala-2.11\src_managed\main\routes_reverseRouting.scala)
The C:\Users\PE702QE\ScalaWorkspace\signalj-chat-scala\target\scala-2.11\src_managed\main\routes_reverseRouting.scala source file has the following regular definitions changed:
	notify, wait, $asInstanceOf, equals, asInstanceOf, synchronized, $isInstanceOf, ReverseAssets, notifyAll, isInstanceOf, <init>, at, ==, clone, ReverseWebJarAssets, toString, !=, getClass, ne, eq, ReverseApplication, ##, finalize, index, hashCode.
All member reference dependencies will be considered within this context.
The following modified names cause invalidation of C:\Users\PE702QE\ScalaWorkspace\signalj-chat-scala\target\scala-2.11\twirl\main\views\html\main.template.scala: Set(<init>, at)
Name hashing optimization doesn't apply to non-Scala dependency: C:\Users\PE702QE\ScalaWorkspace\signalj-chat-scala\target\scala-2.11\src_managed\main\controllers\routes.java
Invalidating C:\Users\PE702QE\ScalaWorkspace\signalj-chat-scala\app\hubs\ChatPage.scala...
Invalidating (transitively) by inheritance from C:\Users\PE702QE\ScalaWorkspace\signalj-chat-scala\app\hubs\ChatPage.scala...
Initial set of included nodes: Set(C:\Users\PE702QE\ScalaWorkspace\signalj-chat-scala\app\hubs\ChatPage.scala)
Invalidated by transitive inheritance dependency: Set(C:\Users\PE702QE\ScalaWorkspace\signalj-chat-scala\app\hubs\ChatPage.scala)
The C:\Users\PE702QE\ScalaWorkspace\signalj-chat-scala\app\hubs\ChatPage.scala source file has the following regular definitions changed:
	notify, wait, $asInstanceOf, sendMessage, userLeftRoom, equals, asInstanceOf, synchronized, ChatPage, $isInstanceOf, userList, notifyAll, isInstanceOf, userJoined, ==, clone, toString, !=, roomList, getClass, ne, userJoinedRoom, eq, ##, finalize, hashCode.
All member reference dependencies will be considered within this context.
The following modified names cause invalidation of C:\Users\PE702QE\ScalaWorkspace\signalj-chat-scala\app\actors\Robot.scala: Set(sendMessage, asInstanceOf, ChatPage)
The following modified names cause invalidation of C:\Users\PE702QE\ScalaWorkspace\signalj-chat-scala\app\hubs\ChatHub.scala: Set(sendMessage, userLeftRoom, ChatPage, userList, ==, !=, roomList, ne, userJoinedRoom)
Invalidating C:\Users\PE702QE\ScalaWorkspace\signalj-chat-scala\target\scala-2.11\twirl\main\views\html\main.template.scala...
Invalidating (transitively) by inheritance from C:\Users\PE702QE\ScalaWorkspace\signalj-chat-scala\target\scala-2.11\twirl\main\views\html\main.template.scala...
Initial set of included nodes: Set(C:\Users\PE702QE\ScalaWorkspace\signalj-chat-scala\target\scala-2.11\twirl\main\views\html\main.template.scala)
Invalidated by transitive inheritance dependency: Set(C:\Users\PE702QE\ScalaWorkspace\signalj-chat-scala\target\scala-2.11\twirl\main\views\html\main.template.scala)
The C:\Users\PE702QE\ScalaWorkspace\signalj-chat-scala\target\scala-2.11\twirl\main\views\html\main.template.scala source file has the following regular definitions changed:
	notify, format, wait, $asInstanceOf, productArity, equals, asInstanceOf, f, synchronized, _display_, $isInstanceOf, ref, canEqual, main, productPrefix, notifyAll, readResolve, isInstanceOf, apply, ==, clone, copy, toString, !=, getClass, copy$default$1, render, ne, eq, productIterator, ##, finalize, productElement, hashCode.
All member reference dependencies will be considered within this context.
The following modified names cause invalidation of C:\Users\PE702QE\ScalaWorkspace\signalj-chat-scala\target\scala-2.11\twirl\main\views\html\index.template.scala: Set(format, _display_, main, apply)
Invalidating C:\Users\PE702QE\ScalaWorkspace\signalj-chat-scala\app\controllers\Application.scala...
Invalidating (transitively) by inheritance from C:\Users\PE702QE\ScalaWorkspace\signalj-chat-scala\app\controllers\Application.scala...
Initial set of included nodes: Set(C:\Users\PE702QE\ScalaWorkspace\signalj-chat-scala\app\controllers\Application.scala)
Invalidated by transitive inheritance dependency: Set(C:\Users\PE702QE\ScalaWorkspace\signalj-chat-scala\app\controllers\Application.scala)
The C:\Users\PE702QE\ScalaWorkspace\signalj-chat-scala\app\controllers\Application.scala source file has the following implicit definitions changed:
	request2session, request2flash, request2lang.
All member reference dependencies will be considered within this context.
The following member ref dependencies of C:\Users\PE702QE\ScalaWorkspace\signalj-chat-scala\app\controllers\Application.scala are invalidated:
	C:\Users\PE702QE\ScalaWorkspace\signalj-chat-scala\target\scala-2.11\src_managed\main\routes_reverseRouting.scala
	C:\Users\PE702QE\ScalaWorkspace\signalj-chat-scala\target\scala-2.11\src_managed\main\routes_routing.scala
Invalidating C:\Users\PE702QE\ScalaWorkspace\signalj-chat-scala\target\scala-2.11\twirl\main\views\html\index.template.scala...
Invalidating (transitively) by inheritance from C:\Users\PE702QE\ScalaWorkspace\signalj-chat-scala\target\scala-2.11\twirl\main\views\html\index.template.scala...
Initial set of included nodes: Set(C:\Users\PE702QE\ScalaWorkspace\signalj-chat-scala\target\scala-2.11\twirl\main\views\html\index.template.scala)
Invalidated by transitive inheritance dependency: Set(C:\Users\PE702QE\ScalaWorkspace\signalj-chat-scala\target\scala-2.11\twirl\main\views\html\index.template.scala)
The C:\Users\PE702QE\ScalaWorkspace\signalj-chat-scala\target\scala-2.11\twirl\main\views\html\index.template.scala source file has the following regular definitions changed:
	notify, format, wait, $asInstanceOf, productArity, equals, asInstanceOf, f, synchronized, _display_, $isInstanceOf, ref, canEqual, productPrefix, notifyAll, readResolve, isInstanceOf, apply, ==, clone, copy, toString, !=, getClass, copy$default$1, render, ne, eq, productIterator, ##, finalize, index, productElement, hashCode.
All member reference dependencies will be considered within this context.
The following modified names cause invalidation of C:\Users\PE702QE\ScalaWorkspace\signalj-chat-scala\app\controllers\Application.scala: Set(apply, index)
Invalidating C:\Users\PE702QE\ScalaWorkspace\signalj-chat-scala\target\scala-2.11\src_managed\main\routes_routing.scala...
Invalidating (transitively) by inheritance from C:\Users\PE702QE\ScalaWorkspace\signalj-chat-scala\target\scala-2.11\src_managed\main\routes_routing.scala...
Initial set of included nodes: Set(C:\Users\PE702QE\ScalaWorkspace\signalj-chat-scala\target\scala-2.11\src_managed\main\routes_routing.scala)
Invalidated by transitive inheritance dependency: Set(C:\Users\PE702QE\ScalaWorkspace\signalj-chat-scala\target\scala-2.11\src_managed\main\routes_routing.scala)
The C:\Users\PE702QE\ScalaWorkspace\signalj-chat-scala\target\scala-2.11\src_managed\main\routes_routing.scala source file has the following regular definitions changed:
	notify, unapply, badRequest, wait, $asInstanceOf, controllers_WebJarAssets_at2_route, routes, createInvoker, equals, prefix, asInstanceOf, documentation, controllers_Application_index0_invoker, synchronized, $isInstanceOf, handlerFor, signalJ_Routes3, _prefix, notifyAll, isInstanceOf, controllers_Assets_at1_invoker, controllers_WebJarAssets_at2_invoker, controllers_Assets_at1_route, ==, clone, Routes, toString, !=, fakeValue, getClass, setPrefix, controllers_Application_index0_route, ne, call, eq, defaultPrefix, ##, finalize, hashCode.
All member reference dependencies will be considered within this context.
The following modified names cause invalidation of C:\Users\PE702QE\ScalaWorkspace\signalj-chat-scala\target\scala-2.11\src_managed\main\routes_reverseRouting.scala: Set(prefix, _prefix, Routes, getClass, defaultPrefix)
Invalidating C:\Users\PE702QE\ScalaWorkspace\signalj-chat-scala\target\scala-2.11\src_managed\main\controllers\routes.java...
Invalidating (transitively) by inheritance from C:\Users\PE702QE\ScalaWorkspace\signalj-chat-scala\target\scala-2.11\src_managed\main\controllers\routes.java...
Initial set of included nodes: Set(C:\Users\PE702QE\ScalaWorkspace\signalj-chat-scala\target\scala-2.11\src_managed\main\controllers\routes.java)
Invalidated by transitive inheritance dependency: Set(C:\Users\PE702QE\ScalaWorkspace\signalj-chat-scala\target\scala-2.11\src_managed\main\controllers\routes.java)
The C:\Users\PE702QE\ScalaWorkspace\signalj-chat-scala\target\scala-2.11\src_managed\main\controllers\routes.java source file has the following regular definitions changed:
	notify, Assets, routes$ref, wait, WebJarAssets, routes, equals, routes$javascript, notifyAll, <init>, Application, toString, getClass, hashCode.
All member reference dependencies will be considered within this context.
The following modified names cause invalidation of C:\Users\PE702QE\ScalaWorkspace\signalj-chat-scala\target\scala-2.11\twirl\main\views\html\main.template.scala: Set(Assets, WebJarAssets, routes, <init>)
Name hashing optimization doesn't apply to non-Scala dependency: C:\Users\PE702QE\ScalaWorkspace\signalj-chat-scala\target\scala-2.11\src_managed\main\controllers\routes.java
Invalidating C:\Users\PE702QE\ScalaWorkspace\signalj-chat-scala\app\actors\Robot.scala...
Invalidating (transitively) by inheritance from C:\Users\PE702QE\ScalaWorkspace\signalj-chat-scala\app\actors\Robot.scala...
Initial set of included nodes: Set(C:\Users\PE702QE\ScalaWorkspace\signalj-chat-scala\app\actors\Robot.scala)
Invalidated by transitive inheritance dependency: Set(C:\Users\PE702QE\ScalaWorkspace\signalj-chat-scala\app\actors\Robot.scala)
The C:\Users\PE702QE\ScalaWorkspace\signalj-chat-scala\app\actors\Robot.scala source file has the following implicit definitions changed:
	self, context.
All member reference dependencies will be considered within this context.
The following member ref dependencies of C:\Users\PE702QE\ScalaWorkspace\signalj-chat-scala\app\actors\Robot.scala are invalidated:
	C:\Users\PE702QE\ScalaWorkspace\signalj-chat-scala\app\hubs\ChatHub.scala
Invalidating C:\Users\PE702QE\ScalaWorkspace\signalj-chat-scala\app\Global.scala...
Invalidating (transitively) by inheritance from C:\Users\PE702QE\ScalaWorkspace\signalj-chat-scala\app\Global.scala...
Initial set of included nodes: Set(C:\Users\PE702QE\ScalaWorkspace\signalj-chat-scala\app\Global.scala)
Invalidated by transitive inheritance dependency: Set(C:\Users\PE702QE\ScalaWorkspace\signalj-chat-scala\app\Global.scala)
The C:\Users\PE702QE\ScalaWorkspace\signalj-chat-scala\app\Global.scala source file has the following regular definitions changed:
	notify, Global, wait, $asInstanceOf, equals, asInstanceOf, getControllerInstance, synchronized, $isInstanceOf, onLoadConfig, notifyAll, isInstanceOf, onError, doFilter, onHandlerNotFound, ==, clone, onRequestReceived, beforeStart, configuration, onBadRequest, toString, !=, onRequestCompletion, getClass, onStop, ne, onStart, eq, onRouteRequest, ##, finalize, hashCode.
All member reference dependencies will be considered within this context.
New invalidations:
	Set()
Initial set of included nodes: Set()
Previously invalidated, but (transitively) depend on new invalidations:
	Set()
All newly invalidated sources after taking into account (previously) recompiled sources:Set()
Total time: 6 s, completed 2/04/2016 12:42:56 AM
> server-post-command-cleanup
> server-handle-next-server-request
> {file:/C:/Users/PE702QE/ScalaWorkspace/signalj-chat-scala/}root/compile:discoveredMainClasses
Evaluating tasks: compile:discoveredMainClasses
Running task... Cancel: sbt.server.ServerTaskCancellation@1b39a6d, check cycles: false

Initial source changes: 
	removed:Set()
	added: Set()
	modified: Set()
Removed products: Set()
External API changes: API Changes: Set()
Modified binary dependencies: Set()
Initial directly invalidated sources: Set()

Sources indirectly invalidated by:
	product: Set()
	binary dep: Set()
	external source: Set()
All initially invalidated sources: Set()

Total time: 0 s, completed 2/04/2016 12:42:56 AM
> server-post-command-cleanup
> server-handle-next-server-request
> {file:/C:/Users/PE702QE/ScalaWorkspace/signalj-chat-scala/}root/compile:mainClass
Evaluating tasks: compile:mainClass
Running task... Cancel: sbt.server.ServerTaskCancellation@104f0a6, check cycles: false
Total time: 0 s, completed 2/04/2016 12:42:56 AM
> server-post-command-cleanup
> server-handle-next-server-request
> {file:/C:/Users/PE702QE/ScalaWorkspace/signalj-chat-scala/}root/compile:discoveredMainClasses
Evaluating tasks: compile:discoveredMainClasses
Running task... Cancel: sbt.server.ServerTaskCancellation@9b208c, check cycles: false

Initial source changes: 
	removed:Set()
	added: Set()
	modified: Set()
Removed products: Set()
External API changes: API Changes: Set()
Modified binary dependencies: Set()
Initial directly invalidated sources: Set()

Sources indirectly invalidated by:
	product: Set()
	binary dep: Set()
	external source: Set()
All initially invalidated sources: Set()

Total time: 0 s, completed 2/04/2016 12:42:56 AM
> server-post-command-cleanup
> server-handle-next-server-request
> backgroundRun
Evaluating tasks: compile:backgroundRun
Running task... Cancel: sbt.server.ServerTaskCancellation@1845b10, check cycles: false
Total time: 0 s, completed 2/04/2016 12:43:12 AM
> server-post-command-cleanup
> server-handle-next-server-request
> {file:/C:/Users/PE702QE/ScalaWorkspace/signalj-chat-scala/}root/*:playForkConfig
Evaluating tasks: *:playForkConfig
Running task... Cancel: sbt.server.ServerTaskCancellation@5fd8a3, check cycles: false
Total time: 0 s, completed 2/04/2016 12:43:15 AM
> server-post-command-cleanup
> server-handle-next-server-request
> root/playForkNotifyStart http://localhost:9000
Evaluating tasks: *:playForkNotifyStart
Running task... Cancel: sbt.server.ServerTaskCancellation@19375e2, check cycles: false
Total time: 0 s, completed 2/04/2016 12:43:15 AM
> server-post-command-cleanup
> server-handle-next-server-request
> {file:/C:/Users/PE702QE/ScalaWorkspace/signalj-chat-scala/}root/*:playForkReload
Evaluating tasks: *:playForkReload
Running task... Cancel: sbt.server.ServerTaskCancellation@771c0d, check cycles: false

Initial source changes: 
	removed:Set()
	added: Set()
	modified: Set()
Removed products: Set()
External API changes: API Changes: Set()
Modified binary dependencies: Set()
Initial directly invalidated sources: Set()

Sources indirectly invalidated by:
	product: Set()
	binary dep: Set()
	external source: Set()
All initially invalidated sources: Set()

Copy resource mappings: 
	(C:\Users\PE702QE\ScalaWorkspace\signalj-chat-scala\conf\application.conf,C:\Users\PE702QE\ScalaWorkspace\signalj-chat-scala\target\scala-2.11\classes\application.conf)
	(C:\Users\PE702QE\ScalaWorkspace\signalj-chat-scala\conf\play.plugins,C:\Users\PE702QE\ScalaWorkspace\signalj-chat-scala\target\scala-2.11\classes\play.plugins)
	(C:\Users\PE702QE\ScalaWorkspace\signalj-chat-scala\conf\routes,C:\Users\PE702QE\ScalaWorkspace\signalj-chat-scala\target\scala-2.11\classes\routes)
Total time: 1 s, completed 2/04/2016 12:43:25 AM
> server-post-command-cleanup
> server-handle-next-server-request
> compile
Evaluating tasks: compile:compile
Running task... Cancel: sbt.server.ServerTaskCancellation@602263, check cycles: false

Initial source changes: 
	removed:Set()
	added: Set()
	modified: Set(C:\Users\PE702QE\ScalaWorkspace\signalj-chat-scala\app\actors\Robot.scala)
Removed products: Set()
External API changes: API Changes: Set()
Modified binary dependencies: Set()
Initial directly invalidated sources: Set(C:\Users\PE702QE\ScalaWorkspace\signalj-chat-scala\app\actors\Robot.scala)

Sources indirectly invalidated by:
	product: Set()
	binary dep: Set()
	external source: Set()
All initially invalidated sources: Set(C:\Users\PE702QE\ScalaWorkspace\signalj-chat-scala\app\actors\Robot.scala)

Read from stdout: Compiling 1 Scala source to C:\Users\PE702QE\ScalaWorkspace\signalj-chat-scala\target\scala-2.11\classes...
Compiling 1 Scala source to C:\Users\PE702QE\ScalaWorkspace\signalj-chat-scala\target\scala-2.11\classes...
Getting compiler-interface from component compiler for Scala 2.11.1
Other repositories:
Default repositories:
Getting compiler-interface from component compiler for Scala 2.11.1
Other repositories:
Default repositories:
Running cached compiler 283f4b, interfacing (CompilerInterface) with Scala compiler version 2.11.1
Calling Scala compiler with arguments  (CompilerInterface):
	-deprecation
	-unchecked
	-encoding
	utf8
	-bootclasspath
	C:\Program Files (x86)\Java\jre1.8.0_51\lib\resources.jar;C:\Program Files (x86)\Java\jre1.8.0_51\lib\rt.jar;C:\Program Files (x86)\Java\jre1.8.0_51\lib\sunrsasign.jar;C:\Program Files (x86)\Java\jre1.8.0_51\lib\jsse.jar;C:\Program Files (x86)\Java\jre1.8.0_51\lib\jce.jar;C:\Program Files (x86)\Java\jre1.8.0_51\lib\charsets.jar;C:\Program Files (x86)\Java\jre1.8.0_51\lib\jfr.jar;C:\Program Files (x86)\Java\jre1.8.0_51\classes;C:\Users\PE702QE\.ivy2\cache\org.scala-lang\scala-library\jars\scala-library-2.11.1.jar
	-classpath
	C:\Users\PE702QE\ScalaWorkspace\signalj-chat-scala\target\scala-2.11\classes;C:\Users\PE702QE\.ivy2\cache\com.typesafe.play\twirl-api_2.11\jars\twirl-api_2.11-1.0.2.jar;C:\Users\PE702QE\.ivy2\cache\org.apache.commons\commons-lang3\jars\commons-lang3-3.1.jar;C:\Users\PE702QE\.ivy2\cache\org.scala-lang.modules\scala-xml_2.11\bundles\scala-xml_2.11-1.0.1.jar;C:\Users\PE702QE\.ivy2\cache\com.typesafe.play\play_2.11\jars\play_2.11-2.3.10.jar;C:\Users\PE702QE\.ivy2\cache\com.typesafe.play\build-link\jars\build-link-2.3.10.jar;C:\Users\PE702QE\.ivy2\cache\com.typesafe.play\play-exceptions\jars\play-exceptions-2.3.10.jar;C:\Users\PE702QE\.ivy2\cache\org.javassist\javassist\bundles\javassist-3.18.2-GA.jar;C:\Users\PE702QE\.ivy2\cache\com.typesafe.play\play-iteratees_2.11\jars\play-iteratees_2.11-2.3.10.jar;C:\Users\PE702QE\.ivy2\cache\org.scala-stm\scala-stm_2.11\jars\scala-stm_2.11-0.7.jar;C:\Users\PE702QE\.ivy2\cache\com.typesafe\config\bundles\config-1.2.1.jar;C:\Users\PE702QE\.ivy2\cache\com.typesafe.play\play-json_2.11\jars\play-json_2.11-2.3.10.jar;C:\Users\PE702QE\.ivy2\cache\com.typesafe.play\play-functional_2.11\jars\play-functional_2.11-2.3.10.jar;C:\Users\PE702QE\.ivy2\cache\com.typesafe.play\play-datacommons_2.11\jars\play-datacommons_2.11-2.3.10.jar;C:\Users\PE702QE\.ivy2\cache\joda-time\joda-time\jars\joda-time-2.3.jar;C:\Users\PE702QE\.ivy2\cache\org.joda\joda-convert\jars\joda-convert-1.6.jar;C:\Users\PE702QE\.ivy2\cache\org.scala-lang\scala-reflect\jars\scala-reflect-2.11.1.jar;C:\Users\PE702QE\.ivy2\cache\org.scala-lang.modules\scala-parser-combinators_2.11\bundles\scala-parser-combinators_2.11-1.0.1.jar;C:\Users\PE702QE\.ivy2\cache\io.netty\netty\bundles\netty-3.9.9.Final.jar;C:\Users\PE702QE\.ivy2\cache\com.typesafe.netty\netty-http-pipelining\jars\netty-http-pipelining-1.1.2.jar;C:\Users\PE702QE\.ivy2\cache\org.slf4j\jul-to-slf4j\jars\jul-to-slf4j-1.7.6.jar;C:\Users\PE702QE\.ivy2\cache\org.slf4j\jcl-over-slf4j\jars\jcl-over-slf4j-1.7.6.jar;C:\Users\PE702QE\.ivy2\cache\ch.qos.logback\logback-core\jars\logback-core-1.1.1.jar;C:\Users\PE702QE\.ivy2\cache\ch.qos.logback\logback-classic\jars\logback-classic-1.1.1.jar;C:\Users\PE702QE\.ivy2\cache\com.typesafe.akka\akka-actor_2.11\jars\akka-actor_2.11-2.3.4.jar;C:\Users\PE702QE\.ivy2\cache\com.typesafe.akka\akka-slf4j_2.11\jars\akka-slf4j_2.11-2.3.4.jar;C:\Users\PE702QE\.ivy2\cache\commons-codec\commons-codec\jars\commons-codec-1.9.jar;C:\Users\PE702QE\.ivy2\cache\xerces\xercesImpl\jars\xercesImpl-2.11.0.jar;C:\Users\PE702QE\.ivy2\cache\xml-apis\xml-apis\jars\xml-apis-1.4.01.jar;C:\Users\PE702QE\.ivy2\cache\javax.transaction\jta\jars\jta-1.1.jar;C:\Users\PE702QE\.ivy2\cache\com.typesafe.play\play-jdbc_2.11\jars\play-jdbc_2.11-2.3.10.jar;C:\Users\PE702QE\.ivy2\cache\com.jolbox\bonecp\bundles\bonecp-0.8.0.RELEASE.jar;C:\Users\PE702QE\.ivy2\cache\com.h2database\h2\jars\h2-1.3.175.jar;C:\Users\PE702QE\.ivy2\cache\tyrex\tyrex\jars\tyrex-1.0.1.jar;C:\Users\PE702QE\.ivy2\cache\com.typesafe.play\anorm_2.11\jars\anorm_2.11-2.3.10.jar;C:\Users\PE702QE\.ivy2\cache\com.jsuereth\scala-arm_2.11\jars\scala-arm_2.11-1.4.jar;C:\Users\PE702QE\.ivy2\cache\org.scala-lang.plugins\scala-continuations-library_2.11\bundles\scala-continuations-library_2.11-1.0.1.jar;C:\Users\PE702QE\.ivy2\cache\com.typesafe.play\play-cache_2.11\jars\play-cache_2.11-2.3.10.jar;C:\Users\PE702QE\.ivy2\cache\net.sf.ehcache\ehcache-core\jars\ehcache-core-2.6.8.jar;C:\Users\PE702QE\.ivy2\cache\com.typesafe.play\play-ws_2.11\jars\play-ws_2.11-2.3.10.jar;C:\Users\PE702QE\.ivy2\cache\com.google.guava\guava\bundles\guava-16.0.1.jar;C:\Users\PE702QE\.ivy2\cache\com.ning\async-http-client\jars\async-http-client-1.8.15.jar;C:\Users\PE702QE\.ivy2\cache\oauth.signpost\signpost-core\jars\signpost-core-1.2.1.2.jar;C:\Users\PE702QE\.ivy2\cache\oauth.signpost\signpost-commonshttp4\jars\signpost-commonshttp4-1.2.1.2.jar;C:\Users\PE702QE\.ivy2\cache\org.apache.httpcomponents\httpcore\jars\httpcore-4.0.1.jar;C:\Users\PE702QE\.ivy2\cache\org.apache.httpcomponents\httpclient\jars\httpclient-4.0.1.jar;C:\Users\PE702QE\.ivy2\cache\commons-logging\commons-logging\jars\commons-logging-1.1.1.jar;C:\Users\PE702QE\.ivy2\cache\signalJ\signalj_2.11\jars\signalj_2.11-0.5.1-SNAPSHOT.jar;C:\Users\PE702QE\.ivy2\cache\com.typesafe.play\play-java_2.11\jars\play-java_2.11-2.3.6.jar;C:\Users\PE702QE\.ivy2\cache\org.yaml\snakeyaml\bundles\snakeyaml-1.13.jar;C:\Users\PE702QE\.ivy2\cache\org.hibernate\hibernate-validator\jars\hibernate-validator-5.0.3.Final.jar;C:\Users\PE702QE\.ivy2\cache\javax.validation\validation-api\jars\validation-api-1.1.0.Final.jar;C:\Users\PE702QE\.ivy2\cache\org.jboss.logging\jboss-logging\jars\jboss-logging-3.1.1.GA.jar;C:\Users\PE702QE\.ivy2\cache\com.fasterxml\classmate\bundles\classmate-1.0.0.jar;C:\Users\PE702QE\.ivy2\cache\org.springframework\spring-context\jars\spring-context-4.0.3.RELEASE.jar;C:\Users\PE702QE\.ivy2\cache\org.springframework\spring-core\jars\spring-core-4.0.3.RELEASE.jar;C:\Users\PE702QE\.ivy2\cache\org.springframework\spring-beans\jars\spring-beans-4.0.3.RELEASE.jar;C:\Users\PE702QE\.ivy2\cache\org.reflections\reflections\jars\reflections-0.9.9-RC1.jar;C:\Users\PE702QE\.ivy2\cache\dom4j\dom4j\jars\dom4j-1.6.1.jar;C:\Users\PE702QE\.ivy2\cache\com.google.code.findbugs\jsr305\jars\jsr305-2.0.3.jar;C:\Users\PE702QE\.ivy2\cache\org.apache.tomcat\tomcat-servlet-api\jars\tomcat-servlet-api-8.0.5.jar;C:\Users\PE702QE\.ivy2\cache\com.fasterxml.jackson.core\jackson-annotations\bundles\jackson-annotations-2.4.3.jar;C:\Users\PE702QE\.ivy2\cache\org.webjars\webjars-play_2.11\jars\webjars-play_2.11-2.3.0-2.jar;C:\Users\PE702QE\.ivy2\cache\org.webjars\requirejs\jars\requirejs-2.1.10.jar;C:\Users\PE702QE\.ivy2\cache\org.webjars\webjars-locator\jars\webjars-locator-0.19.jar;C:\Users\PE702QE\.ivy2\cache\org.slf4j\slf4j-api\jars\slf4j-api-1.7.7.jar;C:\Users\PE702QE\.ivy2\cache\com.fasterxml.jackson.core\jackson-databind\bundles\jackson-databind-2.3.3.jar;C:\Users\PE702QE\.ivy2\cache\com.fasterxml.jackson.core\jackson-core\bundles\jackson-core-2.3.3.jar;C:\Users\PE702QE\.ivy2\cache\org.webjars\bootstrap\jars\bootstrap-3.3.1.jar;C:\Users\PE702QE\.ivy2\cache\org.webjars\jquery\jars\jquery-2.1.1.jar
Scala compilation took 0.642639294 s
New invalidations:
	Set()
Initial set of included nodes: Set()
Previously invalidated, but (transitively) depend on new invalidations:
	Set()
All newly invalidated sources after taking into account (previously) recompiled sources:Set()
Total time: 1 s, completed 2/04/2016 01:21:12 AM
> server-post-command-cleanup
> server-handle-next-server-request
> compile
Evaluating tasks: compile:compile
Running task... Cancel: sbt.server.ServerTaskCancellation@d5747f, check cycles: false
Invalidating C:\Users\PE702QE\ScalaWorkspace\signalj-chat-scala\target\scala-2.11\classes\actors\Robot.class: stamp changed from lastModified(1459575774815) to lastModified(1459578072136)

Initial source changes: 
	removed:Set()
	added: Set()
	modified: Set(C:\Users\PE702QE\ScalaWorkspace\signalj-chat-scala\app\hubs\ChatPage.scala)
Removed products: Set()
External API changes: API Changes: Set()
Modified binary dependencies: Set(C:\Users\PE702QE\ScalaWorkspace\signalj-chat-scala\target\scala-2.11\classes\actors\Robot.class)
Initial directly invalidated sources: Set(C:\Users\PE702QE\ScalaWorkspace\signalj-chat-scala\app\hubs\ChatPage.scala)

Sources indirectly invalidated by:
	product: Set()
	binary dep: Set(C:\Users\PE702QE\ScalaWorkspace\signalj-chat-scala\app\hubs\ChatHub.scala)
	external source: Set()
All initially invalidated sources: Set(C:\Users\PE702QE\ScalaWorkspace\signalj-chat-scala\app\hubs\ChatPage.scala, C:\Users\PE702QE\ScalaWorkspace\signalj-chat-scala\app\hubs\ChatHub.scala)

Read from stdout: Compiling 2 Scala sources to C:\Users\PE702QE\ScalaWorkspace\signalj-chat-scala\target\scala-2.11\classes...
Compiling 2 Scala sources to C:\Users\PE702QE\ScalaWorkspace\signalj-chat-scala\target\scala-2.11\classes...
Getting compiler-interface from component compiler for Scala 2.11.1
Other repositories:
Default repositories:
Getting compiler-interface from component compiler for Scala 2.11.1
Other repositories:
Default repositories:
Running cached compiler 39d130, interfacing (CompilerInterface) with Scala compiler version 2.11.1
Calling Scala compiler with arguments  (CompilerInterface):
	-deprecation
	-unchecked
	-encoding
	utf8
	-bootclasspath
	C:\Program Files (x86)\Java\jre1.8.0_51\lib\resources.jar;C:\Program Files (x86)\Java\jre1.8.0_51\lib\rt.jar;C:\Program Files (x86)\Java\jre1.8.0_51\lib\sunrsasign.jar;C:\Program Files (x86)\Java\jre1.8.0_51\lib\jsse.jar;C:\Program Files (x86)\Java\jre1.8.0_51\lib\jce.jar;C:\Program Files (x86)\Java\jre1.8.0_51\lib\charsets.jar;C:\Program Files (x86)\Java\jre1.8.0_51\lib\jfr.jar;C:\Program Files (x86)\Java\jre1.8.0_51\classes;C:\Users\PE702QE\.ivy2\cache\org.scala-lang\scala-library\jars\scala-library-2.11.1.jar
	-classpath
	C:\Users\PE702QE\ScalaWorkspace\signalj-chat-scala\target\scala-2.11\classes;C:\Users\PE702QE\.ivy2\cache\com.typesafe.play\twirl-api_2.11\jars\twirl-api_2.11-1.0.2.jar;C:\Users\PE702QE\.ivy2\cache\org.apache.commons\commons-lang3\jars\commons-lang3-3.1.jar;C:\Users\PE702QE\.ivy2\cache\org.scala-lang.modules\scala-xml_2.11\bundles\scala-xml_2.11-1.0.1.jar;C:\Users\PE702QE\.ivy2\cache\com.typesafe.play\play_2.11\jars\play_2.11-2.3.10.jar;C:\Users\PE702QE\.ivy2\cache\com.typesafe.play\build-link\jars\build-link-2.3.10.jar;C:\Users\PE702QE\.ivy2\cache\com.typesafe.play\play-exceptions\jars\play-exceptions-2.3.10.jar;C:\Users\PE702QE\.ivy2\cache\org.javassist\javassist\bundles\javassist-3.18.2-GA.jar;C:\Users\PE702QE\.ivy2\cache\com.typesafe.play\play-iteratees_2.11\jars\play-iteratees_2.11-2.3.10.jar;C:\Users\PE702QE\.ivy2\cache\org.scala-stm\scala-stm_2.11\jars\scala-stm_2.11-0.7.jar;C:\Users\PE702QE\.ivy2\cache\com.typesafe\config\bundles\config-1.2.1.jar;C:\Users\PE702QE\.ivy2\cache\com.typesafe.play\play-json_2.11\jars\play-json_2.11-2.3.10.jar;C:\Users\PE702QE\.ivy2\cache\com.typesafe.play\play-functional_2.11\jars\play-functional_2.11-2.3.10.jar;C:\Users\PE702QE\.ivy2\cache\com.typesafe.play\play-datacommons_2.11\jars\play-datacommons_2.11-2.3.10.jar;C:\Users\PE702QE\.ivy2\cache\joda-time\joda-time\jars\joda-time-2.3.jar;C:\Users\PE702QE\.ivy2\cache\org.joda\joda-convert\jars\joda-convert-1.6.jar;C:\Users\PE702QE\.ivy2\cache\org.scala-lang\scala-reflect\jars\scala-reflect-2.11.1.jar;C:\Users\PE702QE\.ivy2\cache\org.scala-lang.modules\scala-parser-combinators_2.11\bundles\scala-parser-combinators_2.11-1.0.1.jar;C:\Users\PE702QE\.ivy2\cache\io.netty\netty\bundles\netty-3.9.9.Final.jar;C:\Users\PE702QE\.ivy2\cache\com.typesafe.netty\netty-http-pipelining\jars\netty-http-pipelining-1.1.2.jar;C:\Users\PE702QE\.ivy2\cache\org.slf4j\jul-to-slf4j\jars\jul-to-slf4j-1.7.6.jar;C:\Users\PE702QE\.ivy2\cache\org.slf4j\jcl-over-slf4j\jars\jcl-over-slf4j-1.7.6.jar;C:\Users\PE702QE\.ivy2\cache\ch.qos.logback\logback-core\jars\logback-core-1.1.1.jar;C:\Users\PE702QE\.ivy2\cache\ch.qos.logback\logback-classic\jars\logback-classic-1.1.1.jar;C:\Users\PE702QE\.ivy2\cache\com.typesafe.akka\akka-actor_2.11\jars\akka-actor_2.11-2.3.4.jar;C:\Users\PE702QE\.ivy2\cache\com.typesafe.akka\akka-slf4j_2.11\jars\akka-slf4j_2.11-2.3.4.jar;C:\Users\PE702QE\.ivy2\cache\commons-codec\commons-codec\jars\commons-codec-1.9.jar;C:\Users\PE702QE\.ivy2\cache\xerces\xercesImpl\jars\xercesImpl-2.11.0.jar;C:\Users\PE702QE\.ivy2\cache\xml-apis\xml-apis\jars\xml-apis-1.4.01.jar;C:\Users\PE702QE\.ivy2\cache\javax.transaction\jta\jars\jta-1.1.jar;C:\Users\PE702QE\.ivy2\cache\com.typesafe.play\play-jdbc_2.11\jars\play-jdbc_2.11-2.3.10.jar;C:\Users\PE702QE\.ivy2\cache\com.jolbox\bonecp\bundles\bonecp-0.8.0.RELEASE.jar;C:\Users\PE702QE\.ivy2\cache\com.h2database\h2\jars\h2-1.3.175.jar;C:\Users\PE702QE\.ivy2\cache\tyrex\tyrex\jars\tyrex-1.0.1.jar;C:\Users\PE702QE\.ivy2\cache\com.typesafe.play\anorm_2.11\jars\anorm_2.11-2.3.10.jar;C:\Users\PE702QE\.ivy2\cache\com.jsuereth\scala-arm_2.11\jars\scala-arm_2.11-1.4.jar;C:\Users\PE702QE\.ivy2\cache\org.scala-lang.plugins\scala-continuations-library_2.11\bundles\scala-continuations-library_2.11-1.0.1.jar;C:\Users\PE702QE\.ivy2\cache\com.typesafe.play\play-cache_2.11\jars\play-cache_2.11-2.3.10.jar;C:\Users\PE702QE\.ivy2\cache\net.sf.ehcache\ehcache-core\jars\ehcache-core-2.6.8.jar;C:\Users\PE702QE\.ivy2\cache\com.typesafe.play\play-ws_2.11\jars\play-ws_2.11-2.3.10.jar;C:\Users\PE702QE\.ivy2\cache\com.google.guava\guava\bundles\guava-16.0.1.jar;C:\Users\PE702QE\.ivy2\cache\com.ning\async-http-client\jars\async-http-client-1.8.15.jar;C:\Users\PE702QE\.ivy2\cache\oauth.signpost\signpost-core\jars\signpost-core-1.2.1.2.jar;C:\Users\PE702QE\.ivy2\cache\oauth.signpost\signpost-commonshttp4\jars\signpost-commonshttp4-1.2.1.2.jar;C:\Users\PE702QE\.ivy2\cache\org.apache.httpcomponents\httpcore\jars\httpcore-4.0.1.jar;C:\Users\PE702QE\.ivy2\cache\org.apache.httpcomponents\httpclient\jars\httpclient-4.0.1.jar;C:\Users\PE702QE\.ivy2\cache\commons-logging\commons-logging\jars\commons-logging-1.1.1.jar;C:\Users\PE702QE\.ivy2\cache\signalJ\signalj_2.11\jars\signalj_2.11-0.5.1-SNAPSHOT.jar;C:\Users\PE702QE\.ivy2\cache\com.typesafe.play\play-java_2.11\jars\play-java_2.11-2.3.6.jar;C:\Users\PE702QE\.ivy2\cache\org.yaml\snakeyaml\bundles\snakeyaml-1.13.jar;C:\Users\PE702QE\.ivy2\cache\org.hibernate\hibernate-validator\jars\hibernate-validator-5.0.3.Final.jar;C:\Users\PE702QE\.ivy2\cache\javax.validation\validation-api\jars\validation-api-1.1.0.Final.jar;C:\Users\PE702QE\.ivy2\cache\org.jboss.logging\jboss-logging\jars\jboss-logging-3.1.1.GA.jar;C:\Users\PE702QE\.ivy2\cache\com.fasterxml\classmate\bundles\classmate-1.0.0.jar;C:\Users\PE702QE\.ivy2\cache\org.springframework\spring-context\jars\spring-context-4.0.3.RELEASE.jar;C:\Users\PE702QE\.ivy2\cache\org.springframework\spring-core\jars\spring-core-4.0.3.RELEASE.jar;C:\Users\PE702QE\.ivy2\cache\org.springframework\spring-beans\jars\spring-beans-4.0.3.RELEASE.jar;C:\Users\PE702QE\.ivy2\cache\org.reflections\reflections\jars\reflections-0.9.9-RC1.jar;C:\Users\PE702QE\.ivy2\cache\dom4j\dom4j\jars\dom4j-1.6.1.jar;C:\Users\PE702QE\.ivy2\cache\com.google.code.findbugs\jsr305\jars\jsr305-2.0.3.jar;C:\Users\PE702QE\.ivy2\cache\org.apache.tomcat\tomcat-servlet-api\jars\tomcat-servlet-api-8.0.5.jar;C:\Users\PE702QE\.ivy2\cache\com.fasterxml.jackson.core\jackson-annotations\bundles\jackson-annotations-2.4.3.jar;C:\Users\PE702QE\.ivy2\cache\org.webjars\webjars-play_2.11\jars\webjars-play_2.11-2.3.0-2.jar;C:\Users\PE702QE\.ivy2\cache\org.webjars\requirejs\jars\requirejs-2.1.10.jar;C:\Users\PE702QE\.ivy2\cache\org.webjars\webjars-locator\jars\webjars-locator-0.19.jar;C:\Users\PE702QE\.ivy2\cache\org.slf4j\slf4j-api\jars\slf4j-api-1.7.7.jar;C:\Users\PE702QE\.ivy2\cache\com.fasterxml.jackson.core\jackson-databind\bundles\jackson-databind-2.3.3.jar;C:\Users\PE702QE\.ivy2\cache\com.fasterxml.jackson.core\jackson-core\bundles\jackson-core-2.3.3.jar;C:\Users\PE702QE\.ivy2\cache\org.webjars\bootstrap\jars\bootstrap-3.3.1.jar;C:\Users\PE702QE\.ivy2\cache\org.webjars\jquery\jars\jquery-2.1.1.jar
Read from stdout: there were 2 feature warning(s); re-run with -feature for details
there were 2 feature warning(s); re-run with -feature for details
Read from stdout: one warning found
one warning found
Scala compilation took 0.955723335 s
New invalidations:
	Set()
Initial set of included nodes: Set()
Previously invalidated, but (transitively) depend on new invalidations:
	Set()
All newly invalidated sources after taking into account (previously) recompiled sources:Set()
Total time: 1 s, completed 2/04/2016 01:22:03 AM
> server-post-command-cleanup
> server-handle-next-server-request
> {file:/C:/Users/PE702QE/ScalaWorkspace/signalj-chat-scala/}root/*:playForkReload
Evaluating tasks: *:playForkReload
Running task... Cancel: sbt.server.ServerTaskCancellation@c14279, check cycles: false

Initial source changes: 
	removed:Set()
	added: Set()
	modified: Set()
Removed products: Set()
External API changes: API Changes: Set()
Modified binary dependencies: Set()
Initial directly invalidated sources: Set()

Sources indirectly invalidated by:
	product: Set()
	binary dep: Set()
	external source: Set()
All initially invalidated sources: Set()

Copy resource mappings: 
	(C:\Users\PE702QE\ScalaWorkspace\signalj-chat-scala\conf\application.conf,C:\Users\PE702QE\ScalaWorkspace\signalj-chat-scala\target\scala-2.11\classes\application.conf)
	(C:\Users\PE702QE\ScalaWorkspace\signalj-chat-scala\conf\play.plugins,C:\Users\PE702QE\ScalaWorkspace\signalj-chat-scala\target\scala-2.11\classes\play.plugins)
	(C:\Users\PE702QE\ScalaWorkspace\signalj-chat-scala\conf\routes,C:\Users\PE702QE\ScalaWorkspace\signalj-chat-scala\target\scala-2.11\classes\routes)
Total time: 1 s, completed 2/04/2016 01:23:29 AM
> server-post-command-cleanup
> server-handle-next-server-request
> {file:/C:/Users/PE702QE/ScalaWorkspace/signalj-chat-scala/}root/*:playForkReload
Evaluating tasks: *:playForkReload
Running task... Cancel: sbt.server.ServerTaskCancellation@1337380, check cycles: false

Initial source changes: 
	removed:Set()
	added: Set()
	modified: Set(C:\Users\PE702QE\ScalaWorkspace\signalj-chat-scala\target\scala-2.11\twirl\main\views\html\main.template.scala, C:\Users\PE702QE\ScalaWorkspace\signalj-chat-scala\target\scala-2.11\twirl\main\views\html\index.template.scala)
Removed products: Set()
External API changes: API Changes: Set()
Modified binary dependencies: Set()
Initial directly invalidated sources: Set(C:\Users\PE702QE\ScalaWorkspace\signalj-chat-scala\target\scala-2.11\twirl\main\views\html\main.template.scala, C:\Users\PE702QE\ScalaWorkspace\signalj-chat-scala\target\scala-2.11\twirl\main\views\html\index.template.scala)

Sources indirectly invalidated by:
	product: Set()
	binary dep: Set()
	external source: Set()
All initially invalidated sources: Set(C:\Users\PE702QE\ScalaWorkspace\signalj-chat-scala\target\scala-2.11\twirl\main\views\html\main.template.scala, C:\Users\PE702QE\ScalaWorkspace\signalj-chat-scala\target\scala-2.11\twirl\main\views\html\index.template.scala)

Read from stdout: Compiling 2 Scala sources to C:\Users\PE702QE\ScalaWorkspace\signalj-chat-scala\target\scala-2.11\classes...
Compiling 2 Scala sources to C:\Users\PE702QE\ScalaWorkspace\signalj-chat-scala\target\scala-2.11\classes...
Getting compiler-interface from component compiler for Scala 2.11.1
Other repositories:
Default repositories:
Getting compiler-interface from component compiler for Scala 2.11.1
Other repositories:
Default repositories:
Running cached compiler a8ee6c, interfacing (CompilerInterface) with Scala compiler version 2.11.1
Calling Scala compiler with arguments  (CompilerInterface):
	-deprecation
	-unchecked
	-encoding
	utf8
	-bootclasspath
	C:\Program Files (x86)\Java\jre1.8.0_51\lib\resources.jar;C:\Program Files (x86)\Java\jre1.8.0_51\lib\rt.jar;C:\Program Files (x86)\Java\jre1.8.0_51\lib\sunrsasign.jar;C:\Program Files (x86)\Java\jre1.8.0_51\lib\jsse.jar;C:\Program Files (x86)\Java\jre1.8.0_51\lib\jce.jar;C:\Program Files (x86)\Java\jre1.8.0_51\lib\charsets.jar;C:\Program Files (x86)\Java\jre1.8.0_51\lib\jfr.jar;C:\Program Files (x86)\Java\jre1.8.0_51\classes;C:\Users\PE702QE\.ivy2\cache\org.scala-lang\scala-library\jars\scala-library-2.11.1.jar
	-classpath
	C:\Users\PE702QE\ScalaWorkspace\signalj-chat-scala\target\scala-2.11\classes;C:\Users\PE702QE\.ivy2\cache\com.typesafe.play\twirl-api_2.11\jars\twirl-api_2.11-1.0.2.jar;C:\Users\PE702QE\.ivy2\cache\org.apache.commons\commons-lang3\jars\commons-lang3-3.1.jar;C:\Users\PE702QE\.ivy2\cache\org.scala-lang.modules\scala-xml_2.11\bundles\scala-xml_2.11-1.0.1.jar;C:\Users\PE702QE\.ivy2\cache\com.typesafe.play\play_2.11\jars\play_2.11-2.3.10.jar;C:\Users\PE702QE\.ivy2\cache\com.typesafe.play\build-link\jars\build-link-2.3.10.jar;C:\Users\PE702QE\.ivy2\cache\com.typesafe.play\play-exceptions\jars\play-exceptions-2.3.10.jar;C:\Users\PE702QE\.ivy2\cache\org.javassist\javassist\bundles\javassist-3.18.2-GA.jar;C:\Users\PE702QE\.ivy2\cache\com.typesafe.play\play-iteratees_2.11\jars\play-iteratees_2.11-2.3.10.jar;C:\Users\PE702QE\.ivy2\cache\org.scala-stm\scala-stm_2.11\jars\scala-stm_2.11-0.7.jar;C:\Users\PE702QE\.ivy2\cache\com.typesafe\config\bundles\config-1.2.1.jar;C:\Users\PE702QE\.ivy2\cache\com.typesafe.play\play-json_2.11\jars\play-json_2.11-2.3.10.jar;C:\Users\PE702QE\.ivy2\cache\com.typesafe.play\play-functional_2.11\jars\play-functional_2.11-2.3.10.jar;C:\Users\PE702QE\.ivy2\cache\com.typesafe.play\play-datacommons_2.11\jars\play-datacommons_2.11-2.3.10.jar;C:\Users\PE702QE\.ivy2\cache\joda-time\joda-time\jars\joda-time-2.3.jar;C:\Users\PE702QE\.ivy2\cache\org.joda\joda-convert\jars\joda-convert-1.6.jar;C:\Users\PE702QE\.ivy2\cache\org.scala-lang\scala-reflect\jars\scala-reflect-2.11.1.jar;C:\Users\PE702QE\.ivy2\cache\org.scala-lang.modules\scala-parser-combinators_2.11\bundles\scala-parser-combinators_2.11-1.0.1.jar;C:\Users\PE702QE\.ivy2\cache\io.netty\netty\bundles\netty-3.9.9.Final.jar;C:\Users\PE702QE\.ivy2\cache\com.typesafe.netty\netty-http-pipelining\jars\netty-http-pipelining-1.1.2.jar;C:\Users\PE702QE\.ivy2\cache\org.slf4j\jul-to-slf4j\jars\jul-to-slf4j-1.7.6.jar;C:\Users\PE702QE\.ivy2\cache\org.slf4j\jcl-over-slf4j\jars\jcl-over-slf4j-1.7.6.jar;C:\Users\PE702QE\.ivy2\cache\ch.qos.logback\logback-core\jars\logback-core-1.1.1.jar;C:\Users\PE702QE\.ivy2\cache\ch.qos.logback\logback-classic\jars\logback-classic-1.1.1.jar;C:\Users\PE702QE\.ivy2\cache\com.typesafe.akka\akka-actor_2.11\jars\akka-actor_2.11-2.3.4.jar;C:\Users\PE702QE\.ivy2\cache\com.typesafe.akka\akka-slf4j_2.11\jars\akka-slf4j_2.11-2.3.4.jar;C:\Users\PE702QE\.ivy2\cache\commons-codec\commons-codec\jars\commons-codec-1.9.jar;C:\Users\PE702QE\.ivy2\cache\xerces\xercesImpl\jars\xercesImpl-2.11.0.jar;C:\Users\PE702QE\.ivy2\cache\xml-apis\xml-apis\jars\xml-apis-1.4.01.jar;C:\Users\PE702QE\.ivy2\cache\javax.transaction\jta\jars\jta-1.1.jar;C:\Users\PE702QE\.ivy2\cache\com.typesafe.play\play-jdbc_2.11\jars\play-jdbc_2.11-2.3.10.jar;C:\Users\PE702QE\.ivy2\cache\com.jolbox\bonecp\bundles\bonecp-0.8.0.RELEASE.jar;C:\Users\PE702QE\.ivy2\cache\com.h2database\h2\jars\h2-1.3.175.jar;C:\Users\PE702QE\.ivy2\cache\tyrex\tyrex\jars\tyrex-1.0.1.jar;C:\Users\PE702QE\.ivy2\cache\com.typesafe.play\anorm_2.11\jars\anorm_2.11-2.3.10.jar;C:\Users\PE702QE\.ivy2\cache\com.jsuereth\scala-arm_2.11\jars\scala-arm_2.11-1.4.jar;C:\Users\PE702QE\.ivy2\cache\org.scala-lang.plugins\scala-continuations-library_2.11\bundles\scala-continuations-library_2.11-1.0.1.jar;C:\Users\PE702QE\.ivy2\cache\com.typesafe.play\play-cache_2.11\jars\play-cache_2.11-2.3.10.jar;C:\Users\PE702QE\.ivy2\cache\net.sf.ehcache\ehcache-core\jars\ehcache-core-2.6.8.jar;C:\Users\PE702QE\.ivy2\cache\com.typesafe.play\play-ws_2.11\jars\play-ws_2.11-2.3.10.jar;C:\Users\PE702QE\.ivy2\cache\com.google.guava\guava\bundles\guava-16.0.1.jar;C:\Users\PE702QE\.ivy2\cache\com.ning\async-http-client\jars\async-http-client-1.8.15.jar;C:\Users\PE702QE\.ivy2\cache\oauth.signpost\signpost-core\jars\signpost-core-1.2.1.2.jar;C:\Users\PE702QE\.ivy2\cache\oauth.signpost\signpost-commonshttp4\jars\signpost-commonshttp4-1.2.1.2.jar;C:\Users\PE702QE\.ivy2\cache\org.apache.httpcomponents\httpcore\jars\httpcore-4.0.1.jar;C:\Users\PE702QE\.ivy2\cache\org.apache.httpcomponents\httpclient\jars\httpclient-4.0.1.jar;C:\Users\PE702QE\.ivy2\cache\commons-logging\commons-logging\jars\commons-logging-1.1.1.jar;C:\Users\PE702QE\.ivy2\cache\signalJ\signalj_2.11\jars\signalj_2.11-0.5.1-SNAPSHOT.jar;C:\Users\PE702QE\.ivy2\cache\com.typesafe.play\play-java_2.11\jars\play-java_2.11-2.3.6.jar;C:\Users\PE702QE\.ivy2\cache\org.yaml\snakeyaml\bundles\snakeyaml-1.13.jar;C:\Users\PE702QE\.ivy2\cache\org.hibernate\hibernate-validator\jars\hibernate-validator-5.0.3.Final.jar;C:\Users\PE702QE\.ivy2\cache\javax.validation\validation-api\jars\validation-api-1.1.0.Final.jar;C:\Users\PE702QE\.ivy2\cache\org.jboss.logging\jboss-logging\jars\jboss-logging-3.1.1.GA.jar;C:\Users\PE702QE\.ivy2\cache\com.fasterxml\classmate\bundles\classmate-1.0.0.jar;C:\Users\PE702QE\.ivy2\cache\org.springframework\spring-context\jars\spring-context-4.0.3.RELEASE.jar;C:\Users\PE702QE\.ivy2\cache\org.springframework\spring-core\jars\spring-core-4.0.3.RELEASE.jar;C:\Users\PE702QE\.ivy2\cache\org.springframework\spring-beans\jars\spring-beans-4.0.3.RELEASE.jar;C:\Users\PE702QE\.ivy2\cache\org.reflections\reflections\jars\reflections-0.9.9-RC1.jar;C:\Users\PE702QE\.ivy2\cache\dom4j\dom4j\jars\dom4j-1.6.1.jar;C:\Users\PE702QE\.ivy2\cache\com.google.code.findbugs\jsr305\jars\jsr305-2.0.3.jar;C:\Users\PE702QE\.ivy2\cache\org.apache.tomcat\tomcat-servlet-api\jars\tomcat-servlet-api-8.0.5.jar;C:\Users\PE702QE\.ivy2\cache\com.fasterxml.jackson.core\jackson-annotations\bundles\jackson-annotations-2.4.3.jar;C:\Users\PE702QE\.ivy2\cache\org.webjars\webjars-play_2.11\jars\webjars-play_2.11-2.3.0-2.jar;C:\Users\PE702QE\.ivy2\cache\org.webjars\requirejs\jars\requirejs-2.1.10.jar;C:\Users\PE702QE\.ivy2\cache\org.webjars\webjars-locator\jars\webjars-locator-0.19.jar;C:\Users\PE702QE\.ivy2\cache\org.slf4j\slf4j-api\jars\slf4j-api-1.7.7.jar;C:\Users\PE702QE\.ivy2\cache\com.fasterxml.jackson.core\jackson-databind\bundles\jackson-databind-2.3.3.jar;C:\Users\PE702QE\.ivy2\cache\com.fasterxml.jackson.core\jackson-core\bundles\jackson-core-2.3.3.jar;C:\Users\PE702QE\.ivy2\cache\org.webjars\bootstrap\jars\bootstrap-3.3.1.jar;C:\Users\PE702QE\.ivy2\cache\org.webjars\jquery\jars\jquery-2.1.1.jar
Read from stdout: C:\Users\PE702QE\ScalaWorkspace\signalj-chat-scala\app\views\index.scala.html:2: too many arguments for method apply: ()play.twirl.api.HtmlFormat.Appendable in object main
C:\Users\PE702QE\ScalaWorkspace\signalj-chat-scala\app\views\index.scala.html:2: too many arguments for method apply: ()play.twirl.api.HtmlFormat.Appendable in object main
Read from stdout: @main {
@main {
Read from stdout: ^
      ^
Read from stdout: C:\Users\PE702QE\ScalaWorkspace\signalj-chat-scala\app\views\main.scala.html:2: not found: value content
C:\Users\PE702QE\ScalaWorkspace\signalj-chat-scala\app\views\main.scala.html:2: not found: value content
Read from stdout: @(content: Html)
@(content: Html)
Read from stdout: ^
  ^
Read from stdout: C:\Users\PE702QE\ScalaWorkspace\signalj-chat-scala\app\views\main.scala.html:30: not found: value content
C:\Users\PE702QE\ScalaWorkspace\signalj-chat-scala\app\views\main.scala.html:30: not found: value content
Read from stdout: @content
            @content
Read from stdout: ^
             ^
Read from stdout: three errors found
three errors found
Compilation failed (CompilerInterface)
Total time: 2 s, completed 2/04/2016 02:18:30 AM
> server-post-command-cleanup
> server-handle-next-server-request
> compile
Evaluating tasks: compile:compile
Running task... Cancel: sbt.server.ServerTaskCancellation@16a8ac1, check cycles: false

Initial source changes: 
	removed:Set()
	added: Set()
	modified: Set(C:\Users\PE702QE\ScalaWorkspace\signalj-chat-scala\target\scala-2.11\twirl\main\views\html\main.template.scala, C:\Users\PE702QE\ScalaWorkspace\signalj-chat-scala\target\scala-2.11\twirl\main\views\html\index.template.scala, C:\Users\PE702QE\ScalaWorkspace\signalj-chat-scala\app\hubs\ChatHub.scala)
Removed products: Set()
External API changes: API Changes: Set()
Modified binary dependencies: Set()
Initial directly invalidated sources: Set(C:\Users\PE702QE\ScalaWorkspace\signalj-chat-scala\target\scala-2.11\twirl\main\views\html\main.template.scala, C:\Users\PE702QE\ScalaWorkspace\signalj-chat-scala\target\scala-2.11\twirl\main\views\html\index.template.scala, C:\Users\PE702QE\ScalaWorkspace\signalj-chat-scala\app\hubs\ChatHub.scala)

Sources indirectly invalidated by:
	product: Set()
	binary dep: Set()
	external source: Set()
All initially invalidated sources: Set(C:\Users\PE702QE\ScalaWorkspace\signalj-chat-scala\target\scala-2.11\twirl\main\views\html\main.template.scala, C:\Users\PE702QE\ScalaWorkspace\signalj-chat-scala\target\scala-2.11\twirl\main\views\html\index.template.scala, C:\Users\PE702QE\ScalaWorkspace\signalj-chat-scala\app\hubs\ChatHub.scala)

Read from stdout: Compiling 3 Scala sources to C:\Users\PE702QE\ScalaWorkspace\signalj-chat-scala\target\scala-2.11\classes...
Compiling 3 Scala sources to C:\Users\PE702QE\ScalaWorkspace\signalj-chat-scala\target\scala-2.11\classes...
Getting compiler-interface from component compiler for Scala 2.11.1
Other repositories:
Default repositories:
Getting compiler-interface from component compiler for Scala 2.11.1
Other repositories:
Default repositories:
Running cached compiler 88ffce, interfacing (CompilerInterface) with Scala compiler version 2.11.1
Calling Scala compiler with arguments  (CompilerInterface):
	-deprecation
	-unchecked
	-encoding
	utf8
	-bootclasspath
	C:\Program Files (x86)\Java\jre1.8.0_51\lib\resources.jar;C:\Program Files (x86)\Java\jre1.8.0_51\lib\rt.jar;C:\Program Files (x86)\Java\jre1.8.0_51\lib\sunrsasign.jar;C:\Program Files (x86)\Java\jre1.8.0_51\lib\jsse.jar;C:\Program Files (x86)\Java\jre1.8.0_51\lib\jce.jar;C:\Program Files (x86)\Java\jre1.8.0_51\lib\charsets.jar;C:\Program Files (x86)\Java\jre1.8.0_51\lib\jfr.jar;C:\Program Files (x86)\Java\jre1.8.0_51\classes;C:\Users\PE702QE\.ivy2\cache\org.scala-lang\scala-library\jars\scala-library-2.11.1.jar
	-classpath
	C:\Users\PE702QE\ScalaWorkspace\signalj-chat-scala\target\scala-2.11\classes;C:\Users\PE702QE\.ivy2\cache\com.typesafe.play\twirl-api_2.11\jars\twirl-api_2.11-1.0.2.jar;C:\Users\PE702QE\.ivy2\cache\org.apache.commons\commons-lang3\jars\commons-lang3-3.1.jar;C:\Users\PE702QE\.ivy2\cache\org.scala-lang.modules\scala-xml_2.11\bundles\scala-xml_2.11-1.0.1.jar;C:\Users\PE702QE\.ivy2\cache\com.typesafe.play\play_2.11\jars\play_2.11-2.3.10.jar;C:\Users\PE702QE\.ivy2\cache\com.typesafe.play\build-link\jars\build-link-2.3.10.jar;C:\Users\PE702QE\.ivy2\cache\com.typesafe.play\play-exceptions\jars\play-exceptions-2.3.10.jar;C:\Users\PE702QE\.ivy2\cache\org.javassist\javassist\bundles\javassist-3.18.2-GA.jar;C:\Users\PE702QE\.ivy2\cache\com.typesafe.play\play-iteratees_2.11\jars\play-iteratees_2.11-2.3.10.jar;C:\Users\PE702QE\.ivy2\cache\org.scala-stm\scala-stm_2.11\jars\scala-stm_2.11-0.7.jar;C:\Users\PE702QE\.ivy2\cache\com.typesafe\config\bundles\config-1.2.1.jar;C:\Users\PE702QE\.ivy2\cache\com.typesafe.play\play-json_2.11\jars\play-json_2.11-2.3.10.jar;C:\Users\PE702QE\.ivy2\cache\com.typesafe.play\play-functional_2.11\jars\play-functional_2.11-2.3.10.jar;C:\Users\PE702QE\.ivy2\cache\com.typesafe.play\play-datacommons_2.11\jars\play-datacommons_2.11-2.3.10.jar;C:\Users\PE702QE\.ivy2\cache\joda-time\joda-time\jars\joda-time-2.3.jar;C:\Users\PE702QE\.ivy2\cache\org.joda\joda-convert\jars\joda-convert-1.6.jar;C:\Users\PE702QE\.ivy2\cache\org.scala-lang\scala-reflect\jars\scala-reflect-2.11.1.jar;C:\Users\PE702QE\.ivy2\cache\org.scala-lang.modules\scala-parser-combinators_2.11\bundles\scala-parser-combinators_2.11-1.0.1.jar;C:\Users\PE702QE\.ivy2\cache\io.netty\netty\bundles\netty-3.9.9.Final.jar;C:\Users\PE702QE\.ivy2\cache\com.typesafe.netty\netty-http-pipelining\jars\netty-http-pipelining-1.1.2.jar;C:\Users\PE702QE\.ivy2\cache\org.slf4j\jul-to-slf4j\jars\jul-to-slf4j-1.7.6.jar;C:\Users\PE702QE\.ivy2\cache\org.slf4j\jcl-over-slf4j\jars\jcl-over-slf4j-1.7.6.jar;C:\Users\PE702QE\.ivy2\cache\ch.qos.logback\logback-core\jars\logback-core-1.1.1.jar;C:\Users\PE702QE\.ivy2\cache\ch.qos.logback\logback-classic\jars\logback-classic-1.1.1.jar;C:\Users\PE702QE\.ivy2\cache\com.typesafe.akka\akka-actor_2.11\jars\akka-actor_2.11-2.3.4.jar;C:\Users\PE702QE\.ivy2\cache\com.typesafe.akka\akka-slf4j_2.11\jars\akka-slf4j_2.11-2.3.4.jar;C:\Users\PE702QE\.ivy2\cache\commons-codec\commons-codec\jars\commons-codec-1.9.jar;C:\Users\PE702QE\.ivy2\cache\xerces\xercesImpl\jars\xercesImpl-2.11.0.jar;C:\Users\PE702QE\.ivy2\cache\xml-apis\xml-apis\jars\xml-apis-1.4.01.jar;C:\Users\PE702QE\.ivy2\cache\javax.transaction\jta\jars\jta-1.1.jar;C:\Users\PE702QE\.ivy2\cache\com.typesafe.play\play-jdbc_2.11\jars\play-jdbc_2.11-2.3.10.jar;C:\Users\PE702QE\.ivy2\cache\com.jolbox\bonecp\bundles\bonecp-0.8.0.RELEASE.jar;C:\Users\PE702QE\.ivy2\cache\com.h2database\h2\jars\h2-1.3.175.jar;C:\Users\PE702QE\.ivy2\cache\tyrex\tyrex\jars\tyrex-1.0.1.jar;C:\Users\PE702QE\.ivy2\cache\com.typesafe.play\anorm_2.11\jars\anorm_2.11-2.3.10.jar;C:\Users\PE702QE\.ivy2\cache\com.jsuereth\scala-arm_2.11\jars\scala-arm_2.11-1.4.jar;C:\Users\PE702QE\.ivy2\cache\org.scala-lang.plugins\scala-continuations-library_2.11\bundles\scala-continuations-library_2.11-1.0.1.jar;C:\Users\PE702QE\.ivy2\cache\com.typesafe.play\play-cache_2.11\jars\play-cache_2.11-2.3.10.jar;C:\Users\PE702QE\.ivy2\cache\net.sf.ehcache\ehcache-core\jars\ehcache-core-2.6.8.jar;C:\Users\PE702QE\.ivy2\cache\com.typesafe.play\play-ws_2.11\jars\play-ws_2.11-2.3.10.jar;C:\Users\PE702QE\.ivy2\cache\com.google.guava\guava\bundles\guava-16.0.1.jar;C:\Users\PE702QE\.ivy2\cache\com.ning\async-http-client\jars\async-http-client-1.8.15.jar;C:\Users\PE702QE\.ivy2\cache\oauth.signpost\signpost-core\jars\signpost-core-1.2.1.2.jar;C:\Users\PE702QE\.ivy2\cache\oauth.signpost\signpost-commonshttp4\jars\signpost-commonshttp4-1.2.1.2.jar;C:\Users\PE702QE\.ivy2\cache\org.apache.httpcomponents\httpcore\jars\httpcore-4.0.1.jar;C:\Users\PE702QE\.ivy2\cache\org.apache.httpcomponents\httpclient\jars\httpclient-4.0.1.jar;C:\Users\PE702QE\.ivy2\cache\commons-logging\commons-logging\jars\commons-logging-1.1.1.jar;C:\Users\PE702QE\.ivy2\cache\signalJ\signalj_2.11\jars\signalj_2.11-0.5.1-SNAPSHOT.jar;C:\Users\PE702QE\.ivy2\cache\com.typesafe.play\play-java_2.11\jars\play-java_2.11-2.3.6.jar;C:\Users\PE702QE\.ivy2\cache\org.yaml\snakeyaml\bundles\snakeyaml-1.13.jar;C:\Users\PE702QE\.ivy2\cache\org.hibernate\hibernate-validator\jars\hibernate-validator-5.0.3.Final.jar;C:\Users\PE702QE\.ivy2\cache\javax.validation\validation-api\jars\validation-api-1.1.0.Final.jar;C:\Users\PE702QE\.ivy2\cache\org.jboss.logging\jboss-logging\jars\jboss-logging-3.1.1.GA.jar;C:\Users\PE702QE\.ivy2\cache\com.fasterxml\classmate\bundles\classmate-1.0.0.jar;C:\Users\PE702QE\.ivy2\cache\org.springframework\spring-context\jars\spring-context-4.0.3.RELEASE.jar;C:\Users\PE702QE\.ivy2\cache\org.springframework\spring-core\jars\spring-core-4.0.3.RELEASE.jar;C:\Users\PE702QE\.ivy2\cache\org.springframework\spring-beans\jars\spring-beans-4.0.3.RELEASE.jar;C:\Users\PE702QE\.ivy2\cache\org.reflections\reflections\jars\reflections-0.9.9-RC1.jar;C:\Users\PE702QE\.ivy2\cache\dom4j\dom4j\jars\dom4j-1.6.1.jar;C:\Users\PE702QE\.ivy2\cache\com.google.code.findbugs\jsr305\jars\jsr305-2.0.3.jar;C:\Users\PE702QE\.ivy2\cache\org.apache.tomcat\tomcat-servlet-api\jars\tomcat-servlet-api-8.0.5.jar;C:\Users\PE702QE\.ivy2\cache\com.fasterxml.jackson.core\jackson-annotations\bundles\jackson-annotations-2.4.3.jar;C:\Users\PE702QE\.ivy2\cache\org.webjars\webjars-play_2.11\jars\webjars-play_2.11-2.3.0-2.jar;C:\Users\PE702QE\.ivy2\cache\org.webjars\requirejs\jars\requirejs-2.1.10.jar;C:\Users\PE702QE\.ivy2\cache\org.webjars\webjars-locator\jars\webjars-locator-0.19.jar;C:\Users\PE702QE\.ivy2\cache\org.slf4j\slf4j-api\jars\slf4j-api-1.7.7.jar;C:\Users\PE702QE\.ivy2\cache\com.fasterxml.jackson.core\jackson-databind\bundles\jackson-databind-2.3.3.jar;C:\Users\PE702QE\.ivy2\cache\com.fasterxml.jackson.core\jackson-core\bundles\jackson-core-2.3.3.jar;C:\Users\PE702QE\.ivy2\cache\org.webjars\bootstrap\jars\bootstrap-3.3.1.jar;C:\Users\PE702QE\.ivy2\cache\org.webjars\jquery\jars\jquery-2.1.1.jar
Read from stdout: C:\Users\PE702QE\ScalaWorkspace\signalj-chat-scala\app\views\index.scala.html:2: too many arguments for method apply: ()play.twirl.api.HtmlFormat.Appendable in object main
C:\Users\PE702QE\ScalaWorkspace\signalj-chat-scala\app\views\index.scala.html:2: too many arguments for method apply: ()play.twirl.api.HtmlFormat.Appendable in object main
Read from stdout: @main {
@main {
Read from stdout: ^
      ^
Read from stdout: C:\Users\PE702QE\ScalaWorkspace\signalj-chat-scala\app\views\main.scala.html:2: not found: value content
C:\Users\PE702QE\ScalaWorkspace\signalj-chat-scala\app\views\main.scala.html:2: not found: value content
Read from stdout: @(content: Html)
@(content: Html)
Read from stdout: ^
  ^
Read from stdout: C:\Users\PE702QE\ScalaWorkspace\signalj-chat-scala\app\views\main.scala.html:30: not found: value content
C:\Users\PE702QE\ScalaWorkspace\signalj-chat-scala\app\views\main.scala.html:30: not found: value content
Read from stdout: @content
            @content
Read from stdout: ^
             ^
Read from stdout: three errors found
three errors found
Compilation failed (CompilerInterface)
Read from stdout: (compile:compileIncremental) Compilation failed
(compile:compileIncremental) Compilation failed
Total time: 1 s, completed 2/04/2016 02:22:19 AM
> server-post-command-error-handler
> server-post-command-cleanup
> server-handle-next-server-request
> {file:/C:/Users/PE702QE/ScalaWorkspace/signalj-chat-scala/}root/*:playForkReload
Evaluating tasks: *:playForkReload
Running task... Cancel: sbt.server.ServerTaskCancellation@173f479, check cycles: false

Initial source changes: 
	removed:Set()
	added: Set()
	modified: Set(C:\Users\PE702QE\ScalaWorkspace\signalj-chat-scala\target\scala-2.11\twirl\main\views\html\main.template.scala, C:\Users\PE702QE\ScalaWorkspace\signalj-chat-scala\target\scala-2.11\twirl\main\views\html\index.template.scala, C:\Users\PE702QE\ScalaWorkspace\signalj-chat-scala\app\hubs\ChatHub.scala)
Removed products: Set()
External API changes: API Changes: Set()
Modified binary dependencies: Set()
Initial directly invalidated sources: Set(C:\Users\PE702QE\ScalaWorkspace\signalj-chat-scala\target\scala-2.11\twirl\main\views\html\main.template.scala, C:\Users\PE702QE\ScalaWorkspace\signalj-chat-scala\target\scala-2.11\twirl\main\views\html\index.template.scala, C:\Users\PE702QE\ScalaWorkspace\signalj-chat-scala\app\hubs\ChatHub.scala)

Sources indirectly invalidated by:
	product: Set()
	binary dep: Set()
	external source: Set()
All initially invalidated sources: Set(C:\Users\PE702QE\ScalaWorkspace\signalj-chat-scala\target\scala-2.11\twirl\main\views\html\main.template.scala, C:\Users\PE702QE\ScalaWorkspace\signalj-chat-scala\target\scala-2.11\twirl\main\views\html\index.template.scala, C:\Users\PE702QE\ScalaWorkspace\signalj-chat-scala\app\hubs\ChatHub.scala)

Read from stdout: Compiling 3 Scala sources to C:\Users\PE702QE\ScalaWorkspace\signalj-chat-scala\target\scala-2.11\classes...
Compiling 3 Scala sources to C:\Users\PE702QE\ScalaWorkspace\signalj-chat-scala\target\scala-2.11\classes...
Getting compiler-interface from component compiler for Scala 2.11.1
Other repositories:
Default repositories:
Getting compiler-interface from component compiler for Scala 2.11.1
Other repositories:
Default repositories:
Running cached compiler 96721a, interfacing (CompilerInterface) with Scala compiler version 2.11.1
Calling Scala compiler with arguments  (CompilerInterface):
	-deprecation
	-unchecked
	-encoding
	utf8
	-bootclasspath
	C:\Program Files (x86)\Java\jre1.8.0_51\lib\resources.jar;C:\Program Files (x86)\Java\jre1.8.0_51\lib\rt.jar;C:\Program Files (x86)\Java\jre1.8.0_51\lib\sunrsasign.jar;C:\Program Files (x86)\Java\jre1.8.0_51\lib\jsse.jar;C:\Program Files (x86)\Java\jre1.8.0_51\lib\jce.jar;C:\Program Files (x86)\Java\jre1.8.0_51\lib\charsets.jar;C:\Program Files (x86)\Java\jre1.8.0_51\lib\jfr.jar;C:\Program Files (x86)\Java\jre1.8.0_51\classes;C:\Users\PE702QE\.ivy2\cache\org.scala-lang\scala-library\jars\scala-library-2.11.1.jar
	-classpath
	C:\Users\PE702QE\ScalaWorkspace\signalj-chat-scala\target\scala-2.11\classes;C:\Users\PE702QE\.ivy2\cache\com.typesafe.play\twirl-api_2.11\jars\twirl-api_2.11-1.0.2.jar;C:\Users\PE702QE\.ivy2\cache\org.apache.commons\commons-lang3\jars\commons-lang3-3.1.jar;C:\Users\PE702QE\.ivy2\cache\org.scala-lang.modules\scala-xml_2.11\bundles\scala-xml_2.11-1.0.1.jar;C:\Users\PE702QE\.ivy2\cache\com.typesafe.play\play_2.11\jars\play_2.11-2.3.10.jar;C:\Users\PE702QE\.ivy2\cache\com.typesafe.play\build-link\jars\build-link-2.3.10.jar;C:\Users\PE702QE\.ivy2\cache\com.typesafe.play\play-exceptions\jars\play-exceptions-2.3.10.jar;C:\Users\PE702QE\.ivy2\cache\org.javassist\javassist\bundles\javassist-3.18.2-GA.jar;C:\Users\PE702QE\.ivy2\cache\com.typesafe.play\play-iteratees_2.11\jars\play-iteratees_2.11-2.3.10.jar;C:\Users\PE702QE\.ivy2\cache\org.scala-stm\scala-stm_2.11\jars\scala-stm_2.11-0.7.jar;C:\Users\PE702QE\.ivy2\cache\com.typesafe\config\bundles\config-1.2.1.jar;C:\Users\PE702QE\.ivy2\cache\com.typesafe.play\play-json_2.11\jars\play-json_2.11-2.3.10.jar;C:\Users\PE702QE\.ivy2\cache\com.typesafe.play\play-functional_2.11\jars\play-functional_2.11-2.3.10.jar;C:\Users\PE702QE\.ivy2\cache\com.typesafe.play\play-datacommons_2.11\jars\play-datacommons_2.11-2.3.10.jar;C:\Users\PE702QE\.ivy2\cache\joda-time\joda-time\jars\joda-time-2.3.jar;C:\Users\PE702QE\.ivy2\cache\org.joda\joda-convert\jars\joda-convert-1.6.jar;C:\Users\PE702QE\.ivy2\cache\org.scala-lang\scala-reflect\jars\scala-reflect-2.11.1.jar;C:\Users\PE702QE\.ivy2\cache\org.scala-lang.modules\scala-parser-combinators_2.11\bundles\scala-parser-combinators_2.11-1.0.1.jar;C:\Users\PE702QE\.ivy2\cache\io.netty\netty\bundles\netty-3.9.9.Final.jar;C:\Users\PE702QE\.ivy2\cache\com.typesafe.netty\netty-http-pipelining\jars\netty-http-pipelining-1.1.2.jar;C:\Users\PE702QE\.ivy2\cache\org.slf4j\jul-to-slf4j\jars\jul-to-slf4j-1.7.6.jar;C:\Users\PE702QE\.ivy2\cache\org.slf4j\jcl-over-slf4j\jars\jcl-over-slf4j-1.7.6.jar;C:\Users\PE702QE\.ivy2\cache\ch.qos.logback\logback-core\jars\logback-core-1.1.1.jar;C:\Users\PE702QE\.ivy2\cache\ch.qos.logback\logback-classic\jars\logback-classic-1.1.1.jar;C:\Users\PE702QE\.ivy2\cache\com.typesafe.akka\akka-actor_2.11\jars\akka-actor_2.11-2.3.4.jar;C:\Users\PE702QE\.ivy2\cache\com.typesafe.akka\akka-slf4j_2.11\jars\akka-slf4j_2.11-2.3.4.jar;C:\Users\PE702QE\.ivy2\cache\commons-codec\commons-codec\jars\commons-codec-1.9.jar;C:\Users\PE702QE\.ivy2\cache\xerces\xercesImpl\jars\xercesImpl-2.11.0.jar;C:\Users\PE702QE\.ivy2\cache\xml-apis\xml-apis\jars\xml-apis-1.4.01.jar;C:\Users\PE702QE\.ivy2\cache\javax.transaction\jta\jars\jta-1.1.jar;C:\Users\PE702QE\.ivy2\cache\com.typesafe.play\play-jdbc_2.11\jars\play-jdbc_2.11-2.3.10.jar;C:\Users\PE702QE\.ivy2\cache\com.jolbox\bonecp\bundles\bonecp-0.8.0.RELEASE.jar;C:\Users\PE702QE\.ivy2\cache\com.h2database\h2\jars\h2-1.3.175.jar;C:\Users\PE702QE\.ivy2\cache\tyrex\tyrex\jars\tyrex-1.0.1.jar;C:\Users\PE702QE\.ivy2\cache\com.typesafe.play\anorm_2.11\jars\anorm_2.11-2.3.10.jar;C:\Users\PE702QE\.ivy2\cache\com.jsuereth\scala-arm_2.11\jars\scala-arm_2.11-1.4.jar;C:\Users\PE702QE\.ivy2\cache\org.scala-lang.plugins\scala-continuations-library_2.11\bundles\scala-continuations-library_2.11-1.0.1.jar;C:\Users\PE702QE\.ivy2\cache\com.typesafe.play\play-cache_2.11\jars\play-cache_2.11-2.3.10.jar;C:\Users\PE702QE\.ivy2\cache\net.sf.ehcache\ehcache-core\jars\ehcache-core-2.6.8.jar;C:\Users\PE702QE\.ivy2\cache\com.typesafe.play\play-ws_2.11\jars\play-ws_2.11-2.3.10.jar;C:\Users\PE702QE\.ivy2\cache\com.google.guava\guava\bundles\guava-16.0.1.jar;C:\Users\PE702QE\.ivy2\cache\com.ning\async-http-client\jars\async-http-client-1.8.15.jar;C:\Users\PE702QE\.ivy2\cache\oauth.signpost\signpost-core\jars\signpost-core-1.2.1.2.jar;C:\Users\PE702QE\.ivy2\cache\oauth.signpost\signpost-commonshttp4\jars\signpost-commonshttp4-1.2.1.2.jar;C:\Users\PE702QE\.ivy2\cache\org.apache.httpcomponents\httpcore\jars\httpcore-4.0.1.jar;C:\Users\PE702QE\.ivy2\cache\org.apache.httpcomponents\httpclient\jars\httpclient-4.0.1.jar;C:\Users\PE702QE\.ivy2\cache\commons-logging\commons-logging\jars\commons-logging-1.1.1.jar;C:\Users\PE702QE\.ivy2\cache\signalJ\signalj_2.11\jars\signalj_2.11-0.5.1-SNAPSHOT.jar;C:\Users\PE702QE\.ivy2\cache\com.typesafe.play\play-java_2.11\jars\play-java_2.11-2.3.6.jar;C:\Users\PE702QE\.ivy2\cache\org.yaml\snakeyaml\bundles\snakeyaml-1.13.jar;C:\Users\PE702QE\.ivy2\cache\org.hibernate\hibernate-validator\jars\hibernate-validator-5.0.3.Final.jar;C:\Users\PE702QE\.ivy2\cache\javax.validation\validation-api\jars\validation-api-1.1.0.Final.jar;C:\Users\PE702QE\.ivy2\cache\org.jboss.logging\jboss-logging\jars\jboss-logging-3.1.1.GA.jar;C:\Users\PE702QE\.ivy2\cache\com.fasterxml\classmate\bundles\classmate-1.0.0.jar;C:\Users\PE702QE\.ivy2\cache\org.springframework\spring-context\jars\spring-context-4.0.3.RELEASE.jar;C:\Users\PE702QE\.ivy2\cache\org.springframework\spring-core\jars\spring-core-4.0.3.RELEASE.jar;C:\Users\PE702QE\.ivy2\cache\org.springframework\spring-beans\jars\spring-beans-4.0.3.RELEASE.jar;C:\Users\PE702QE\.ivy2\cache\org.reflections\reflections\jars\reflections-0.9.9-RC1.jar;C:\Users\PE702QE\.ivy2\cache\dom4j\dom4j\jars\dom4j-1.6.1.jar;C:\Users\PE702QE\.ivy2\cache\com.google.code.findbugs\jsr305\jars\jsr305-2.0.3.jar;C:\Users\PE702QE\.ivy2\cache\org.apache.tomcat\tomcat-servlet-api\jars\tomcat-servlet-api-8.0.5.jar;C:\Users\PE702QE\.ivy2\cache\com.fasterxml.jackson.core\jackson-annotations\bundles\jackson-annotations-2.4.3.jar;C:\Users\PE702QE\.ivy2\cache\org.webjars\webjars-play_2.11\jars\webjars-play_2.11-2.3.0-2.jar;C:\Users\PE702QE\.ivy2\cache\org.webjars\requirejs\jars\requirejs-2.1.10.jar;C:\Users\PE702QE\.ivy2\cache\org.webjars\webjars-locator\jars\webjars-locator-0.19.jar;C:\Users\PE702QE\.ivy2\cache\org.slf4j\slf4j-api\jars\slf4j-api-1.7.7.jar;C:\Users\PE702QE\.ivy2\cache\com.fasterxml.jackson.core\jackson-databind\bundles\jackson-databind-2.3.3.jar;C:\Users\PE702QE\.ivy2\cache\com.fasterxml.jackson.core\jackson-core\bundles\jackson-core-2.3.3.jar;C:\Users\PE702QE\.ivy2\cache\org.webjars\bootstrap\jars\bootstrap-3.3.1.jar;C:\Users\PE702QE\.ivy2\cache\org.webjars\jquery\jars\jquery-2.1.1.jar
Read from stdout: C:\Users\PE702QE\ScalaWorkspace\signalj-chat-scala\app\views\index.scala.html:2: too many arguments for method apply: ()play.twirl.api.HtmlFormat.Appendable in object main
C:\Users\PE702QE\ScalaWorkspace\signalj-chat-scala\app\views\index.scala.html:2: too many arguments for method apply: ()play.twirl.api.HtmlFormat.Appendable in object main
Read from stdout: @main {
@main {
Read from stdout: ^
      ^
Read from stdout: C:\Users\PE702QE\ScalaWorkspace\signalj-chat-scala\app\views\main.scala.html:2: not found: value content
C:\Users\PE702QE\ScalaWorkspace\signalj-chat-scala\app\views\main.scala.html:2: not found: value content
Read from stdout: @(content: Html)
@(content: Html)
Read from stdout: ^
  ^
Read from stdout: C:\Users\PE702QE\ScalaWorkspace\signalj-chat-scala\app\views\main.scala.html:30: not found: value content
C:\Users\PE702QE\ScalaWorkspace\signalj-chat-scala\app\views\main.scala.html:30: not found: value content
Read from stdout: @content
            @content
Read from stdout: ^
             ^
Read from stdout: three errors found
three errors found
Compilation failed (CompilerInterface)
Total time: 1 s, completed 2/04/2016 02:23:30 AM
> server-post-command-cleanup
> server-handle-next-server-request
